2015-03-19 17:34:24,222  INFO [main] org.springframework.web.context.ContextLoader:285 - Root WebApplicationContext: initialization started
2015-03-19 17:34:24,285  INFO [main] org.springframework.web.context.support.XmlWebApplicationContext:510 - Refreshing Root WebApplicationContext: startup date [Thu Mar 19 17:34:24 CST 2015]; root of context hierarchy
2015-03-19 17:34:24,314  INFO [main] org.springframework.beans.factory.xml.XmlBeanDefinitionReader:317 - Loading XML bean definitions from URL [file:/C:/Users/zhouxin/workspace/xin/target/classes/spring-config.xml]
2015-03-19 17:34:24,682  INFO [main] org.springframework.beans.factory.config.PropertyPlaceholderConfigurer:172 - Loading properties file from class path resource [application.properties]
2015-03-19 17:34:24,687  INFO [main] org.springframework.beans.factory.annotation.AutowiredAnnotationBeanPostProcessor:153 - JSR-330 'javax.inject.Inject' annotation found and supported for autowiring
2015-03-19 17:34:24,797  WARN [main] org.springframework.web.context.support.XmlWebApplicationContext:487 - Exception encountered during context initialization - cancelling refresh attempt
org.springframework.beans.factory.BeanCreationException: Error creating bean with name 'userServiceImpl': Injection of autowired dependencies failed; nested exception is org.springframework.beans.factory.BeanCreationException: Could not autowire field: private com.xin.orm.EntityDao com.xin.service.base.BaseServiceImpl.entityDao; nested exception is org.springframework.beans.factory.NoSuchBeanDefinitionException: No qualifying bean of type [com.xin.orm.EntityDao] found for dependency: expected at least 1 bean which qualifies as autowire candidate for this dependency. Dependency annotations: {@org.springframework.beans.factory.annotation.Autowired(required=true)}
	at org.springframework.beans.factory.annotation.AutowiredAnnotationBeanPostProcessor.postProcessPropertyValues(AutowiredAnnotationBeanPostProcessor.java:334) ~[spring-beans-4.1.1.RELEASE.jar:4.1.1.RELEASE]
	at org.springframework.beans.factory.support.AbstractAutowireCapableBeanFactory.populateBean(AbstractAutowireCapableBeanFactory.java:1204) ~[spring-beans-4.1.1.RELEASE.jar:4.1.1.RELEASE]
	at org.springframework.beans.factory.support.AbstractAutowireCapableBeanFactory.doCreateBean(AbstractAutowireCapableBeanFactory.java:538) ~[spring-beans-4.1.1.RELEASE.jar:4.1.1.RELEASE]
	at org.springframework.beans.factory.support.AbstractAutowireCapableBeanFactory.createBean(AbstractAutowireCapableBeanFactory.java:476) ~[spring-beans-4.1.1.RELEASE.jar:4.1.1.RELEASE]
	at org.springframework.beans.factory.support.AbstractBeanFactory$1.getObject(AbstractBeanFactory.java:302) ~[spring-beans-4.1.1.RELEASE.jar:4.1.1.RELEASE]
	at org.springframework.beans.factory.support.DefaultSingletonBeanRegistry.getSingleton(DefaultSingletonBeanRegistry.java:229) ~[spring-beans-4.1.1.RELEASE.jar:4.1.1.RELEASE]
	at org.springframework.beans.factory.support.AbstractBeanFactory.doGetBean(AbstractBeanFactory.java:298) ~[spring-beans-4.1.1.RELEASE.jar:4.1.1.RELEASE]
	at org.springframework.beans.factory.support.AbstractBeanFactory.getBean(AbstractBeanFactory.java:193) ~[spring-beans-4.1.1.RELEASE.jar:4.1.1.RELEASE]
	at org.springframework.beans.factory.support.DefaultListableBeanFactory.preInstantiateSingletons(DefaultListableBeanFactory.java:725) ~[spring-beans-4.1.1.RELEASE.jar:4.1.1.RELEASE]
	at org.springframework.context.support.AbstractApplicationContext.finishBeanFactoryInitialization(AbstractApplicationContext.java:757) ~[spring-context-4.1.1.RELEASE.jar:4.1.1.RELEASE]
	at org.springframework.context.support.AbstractApplicationContext.refresh(AbstractApplicationContext.java:480) ~[spring-context-4.1.1.RELEASE.jar:4.1.1.RELEASE]
	at org.springframework.web.context.ContextLoader.configureAndRefreshWebApplicationContext(ContextLoader.java:403) [spring-web-4.1.1.RELEASE.jar:4.1.1.RELEASE]
	at org.springframework.web.context.ContextLoader.initWebApplicationContext(ContextLoader.java:306) [spring-web-4.1.1.RELEASE.jar:4.1.1.RELEASE]
	at org.springframework.web.context.ContextLoaderListener.contextInitialized(ContextLoaderListener.java:106) [spring-web-4.1.1.RELEASE.jar:4.1.1.RELEASE]
	at org.eclipse.jetty.server.handler.ContextHandler.callContextInitialized(ContextHandler.java:787) [jetty-server-9.0.4.v20130625.jar:9.0.4.v20130625]
	at org.eclipse.jetty.servlet.ServletContextHandler.callContextInitialized(ServletContextHandler.java:434) [jetty-servlet-9.0.4.v20130625.jar:9.0.4.v20130625]
	at org.eclipse.jetty.server.handler.ContextHandler.startContext(ContextHandler.java:779) [jetty-server-9.0.4.v20130625.jar:9.0.4.v20130625]
	at org.eclipse.jetty.servlet.ServletContextHandler.startContext(ServletContextHandler.java:284) [jetty-servlet-9.0.4.v20130625.jar:9.0.4.v20130625]
	at org.eclipse.jetty.webapp.WebAppContext.startContext(WebAppContext.java:1322) [jetty-webapp-9.0.4.v20130625.jar:9.0.4.v20130625]
	at org.eclipse.jetty.server.handler.ContextHandler.doStart(ContextHandler.java:731) [jetty-server-9.0.4.v20130625.jar:9.0.4.v20130625]
	at org.eclipse.jetty.webapp.WebAppContext.doStart(WebAppContext.java:490) [jetty-webapp-9.0.4.v20130625.jar:9.0.4.v20130625]
	at org.eclipse.jetty.maven.plugin.JettyWebAppContext.doStart(JettyWebAppContext.java:280) [jetty-maven-plugin-9.0.4.v20130625.jar:9.0.4.v20130625]
	at org.eclipse.jetty.util.component.AbstractLifeCycle.start(AbstractLifeCycle.java:69) [jetty-util-9.0.4.v20130625.jar:9.0.4.v20130625]
	at org.eclipse.jetty.util.component.ContainerLifeCycle.start(ContainerLifeCycle.java:108) [jetty-util-9.0.4.v20130625.jar:9.0.4.v20130625]
	at org.eclipse.jetty.util.component.ContainerLifeCycle.doStart(ContainerLifeCycle.java:90) [jetty-util-9.0.4.v20130625.jar:9.0.4.v20130625]
	at org.eclipse.jetty.server.handler.AbstractHandler.doStart(AbstractHandler.java:58) [jetty-server-9.0.4.v20130625.jar:9.0.4.v20130625]
	at org.eclipse.jetty.server.handler.ContextHandlerCollection.doStart(ContextHandlerCollection.java:175) [jetty-server-9.0.4.v20130625.jar:9.0.4.v20130625]
	at org.eclipse.jetty.util.component.AbstractLifeCycle.start(AbstractLifeCycle.java:69) [jetty-util-9.0.4.v20130625.jar:9.0.4.v20130625]
	at org.eclipse.jetty.util.component.ContainerLifeCycle.start(ContainerLifeCycle.java:108) [jetty-util-9.0.4.v20130625.jar:9.0.4.v20130625]
	at org.eclipse.jetty.util.component.ContainerLifeCycle.doStart(ContainerLifeCycle.java:90) [jetty-util-9.0.4.v20130625.jar:9.0.4.v20130625]
	at org.eclipse.jetty.server.handler.AbstractHandler.doStart(AbstractHandler.java:58) [jetty-server-9.0.4.v20130625.jar:9.0.4.v20130625]
	at org.eclipse.jetty.util.component.AbstractLifeCycle.start(AbstractLifeCycle.java:69) [jetty-util-9.0.4.v20130625.jar:9.0.4.v20130625]
	at org.eclipse.jetty.util.component.ContainerLifeCycle.start(ContainerLifeCycle.java:108) [jetty-util-9.0.4.v20130625.jar:9.0.4.v20130625]
	at org.eclipse.jetty.server.Server.start(Server.java:342) [jetty-server-9.0.4.v20130625.jar:9.0.4.v20130625]
	at org.eclipse.jetty.util.component.ContainerLifeCycle.doStart(ContainerLifeCycle.java:90) [jetty-util-9.0.4.v20130625.jar:9.0.4.v20130625]
	at org.eclipse.jetty.server.handler.AbstractHandler.doStart(AbstractHandler.java:58) [jetty-server-9.0.4.v20130625.jar:9.0.4.v20130625]
	at org.eclipse.jetty.server.Server.doStart(Server.java:290) [jetty-server-9.0.4.v20130625.jar:9.0.4.v20130625]
	at org.eclipse.jetty.maven.plugin.JettyServer.doStart(JettyServer.java:68) [jetty-maven-plugin-9.0.4.v20130625.jar:9.0.4.v20130625]
	at org.eclipse.jetty.util.component.AbstractLifeCycle.start(AbstractLifeCycle.java:69) [jetty-util-9.0.4.v20130625.jar:9.0.4.v20130625]
	at org.eclipse.jetty.maven.plugin.AbstractJettyMojo.startJetty(AbstractJettyMojo.java:556) [jetty-maven-plugin-9.0.4.v20130625.jar:9.0.4.v20130625]
	at org.eclipse.jetty.maven.plugin.AbstractJettyMojo.execute(AbstractJettyMojo.java:352) [jetty-maven-plugin-9.0.4.v20130625.jar:9.0.4.v20130625]
	at org.eclipse.jetty.maven.plugin.JettyRunMojo.execute(JettyRunMojo.java:167) [jetty-maven-plugin-9.0.4.v20130625.jar:9.0.4.v20130625]
	at org.apache.maven.plugin.DefaultBuildPluginManager.executeMojo(DefaultBuildPluginManager.java:133) [maven-core-3.2.1.jar:3.2.1]
	at org.apache.maven.lifecycle.internal.MojoExecutor.execute(MojoExecutor.java:208) [maven-core-3.2.1.jar:3.2.1]
	at org.apache.maven.lifecycle.internal.MojoExecutor.execute(MojoExecutor.java:153) [maven-core-3.2.1.jar:3.2.1]
	at org.apache.maven.lifecycle.internal.MojoExecutor.execute(MojoExecutor.java:145) [maven-core-3.2.1.jar:3.2.1]
	at org.apache.maven.lifecycle.internal.LifecycleModuleBuilder.buildProject(LifecycleModuleBuilder.java:108) [maven-core-3.2.1.jar:3.2.1]
	at org.apache.maven.lifecycle.internal.LifecycleModuleBuilder.buildProject(LifecycleModuleBuilder.java:76) [maven-core-3.2.1.jar:3.2.1]
	at org.apache.maven.lifecycle.internal.builder.singlethreaded.SingleThreadedBuilder.build(SingleThreadedBuilder.java:51) [maven-core-3.2.1.jar:3.2.1]
	at org.apache.maven.lifecycle.internal.LifecycleStarter.execute(LifecycleStarter.java:116) [maven-core-3.2.1.jar:3.2.1]
	at org.apache.maven.DefaultMaven.doExecute(DefaultMaven.java:361) [maven-core-3.2.1.jar:3.2.1]
	at org.apache.maven.DefaultMaven.execute(DefaultMaven.java:155) [maven-core-3.2.1.jar:3.2.1]
	at org.apache.maven.cli.MavenCli.execute(MavenCli.java:584) [maven-embedder-3.2.1.jar:3.2.1]
	at org.apache.maven.cli.MavenCli.doMain(MavenCli.java:213) [maven-embedder-3.2.1.jar:3.2.1]
	at org.apache.maven.cli.MavenCli.main(MavenCli.java:157) [maven-embedder-3.2.1.jar:3.2.1]
	at sun.reflect.NativeMethodAccessorImpl.invoke0(Native Method) ~[na:1.7.0_67]
	at sun.reflect.NativeMethodAccessorImpl.invoke(NativeMethodAccessorImpl.java:57) ~[na:1.7.0_67]
	at sun.reflect.DelegatingMethodAccessorImpl.invoke(DelegatingMethodAccessorImpl.java:43) ~[na:1.7.0_67]
	at java.lang.reflect.Method.invoke(Method.java:606) ~[na:1.7.0_67]
	at org.codehaus.plexus.classworlds.launcher.Launcher.launchEnhanced(Launcher.java:289) [plexus-classworlds-2.5.1.jar:na]
	at org.codehaus.plexus.classworlds.launcher.Launcher.launch(Launcher.java:229) [plexus-classworlds-2.5.1.jar:na]
	at org.codehaus.plexus.classworlds.launcher.Launcher.mainWithExitCode(Launcher.java:415) [plexus-classworlds-2.5.1.jar:na]
	at org.codehaus.plexus.classworlds.launcher.Launcher.main(Launcher.java:356) [plexus-classworlds-2.5.1.jar:na]
Caused by: org.springframework.beans.factory.BeanCreationException: Could not autowire field: private com.xin.orm.EntityDao com.xin.service.base.BaseServiceImpl.entityDao; nested exception is org.springframework.beans.factory.NoSuchBeanDefinitionException: No qualifying bean of type [com.xin.orm.EntityDao] found for dependency: expected at least 1 bean which qualifies as autowire candidate for this dependency. Dependency annotations: {@org.springframework.beans.factory.annotation.Autowired(required=true)}
	at org.springframework.beans.factory.annotation.AutowiredAnnotationBeanPostProcessor$AutowiredFieldElement.inject(AutowiredAnnotationBeanPostProcessor.java:555) ~[spring-beans-4.1.1.RELEASE.jar:4.1.1.RELEASE]
	at org.springframework.beans.factory.annotation.InjectionMetadata.inject(InjectionMetadata.java:87) ~[spring-beans-4.1.1.RELEASE.jar:4.1.1.RELEASE]
	at org.springframework.beans.factory.annotation.AutowiredAnnotationBeanPostProcessor.postProcessPropertyValues(AutowiredAnnotationBeanPostProcessor.java:331) ~[spring-beans-4.1.1.RELEASE.jar:4.1.1.RELEASE]
	... 62 common frames omitted
Caused by: org.springframework.beans.factory.NoSuchBeanDefinitionException: No qualifying bean of type [com.xin.orm.EntityDao] found for dependency: expected at least 1 bean which qualifies as autowire candidate for this dependency. Dependency annotations: {@org.springframework.beans.factory.annotation.Autowired(required=true)}
	at org.springframework.beans.factory.support.DefaultListableBeanFactory.raiseNoSuchBeanDefinitionException(DefaultListableBeanFactory.java:1261) ~[spring-beans-4.1.1.RELEASE.jar:4.1.1.RELEASE]
	at org.springframework.beans.factory.support.DefaultListableBeanFactory.doResolveDependency(DefaultListableBeanFactory.java:1009) ~[spring-beans-4.1.1.RELEASE.jar:4.1.1.RELEASE]
	at org.springframework.beans.factory.support.DefaultListableBeanFactory.resolveDependency(DefaultListableBeanFactory.java:904) ~[spring-beans-4.1.1.RELEASE.jar:4.1.1.RELEASE]
	at org.springframework.beans.factory.annotation.AutowiredAnnotationBeanPostProcessor$AutowiredFieldElement.inject(AutowiredAnnotationBeanPostProcessor.java:527) ~[spring-beans-4.1.1.RELEASE.jar:4.1.1.RELEASE]
	... 64 common frames omitted
2015-03-19 17:34:24,813 ERROR [main] org.springframework.web.context.ContextLoader:331 - Context initialization failed
org.springframework.beans.factory.BeanCreationException: Error creating bean with name 'userServiceImpl': Injection of autowired dependencies failed; nested exception is org.springframework.beans.factory.BeanCreationException: Could not autowire field: private com.xin.orm.EntityDao com.xin.service.base.BaseServiceImpl.entityDao; nested exception is org.springframework.beans.factory.NoSuchBeanDefinitionException: No qualifying bean of type [com.xin.orm.EntityDao] found for dependency: expected at least 1 bean which qualifies as autowire candidate for this dependency. Dependency annotations: {@org.springframework.beans.factory.annotation.Autowired(required=true)}
	at org.springframework.beans.factory.annotation.AutowiredAnnotationBeanPostProcessor.postProcessPropertyValues(AutowiredAnnotationBeanPostProcessor.java:334) ~[spring-beans-4.1.1.RELEASE.jar:4.1.1.RELEASE]
	at org.springframework.beans.factory.support.AbstractAutowireCapableBeanFactory.populateBean(AbstractAutowireCapableBeanFactory.java:1204) ~[spring-beans-4.1.1.RELEASE.jar:4.1.1.RELEASE]
	at org.springframework.beans.factory.support.AbstractAutowireCapableBeanFactory.doCreateBean(AbstractAutowireCapableBeanFactory.java:538) ~[spring-beans-4.1.1.RELEASE.jar:4.1.1.RELEASE]
	at org.springframework.beans.factory.support.AbstractAutowireCapableBeanFactory.createBean(AbstractAutowireCapableBeanFactory.java:476) ~[spring-beans-4.1.1.RELEASE.jar:4.1.1.RELEASE]
	at org.springframework.beans.factory.support.AbstractBeanFactory$1.getObject(AbstractBeanFactory.java:302) ~[spring-beans-4.1.1.RELEASE.jar:4.1.1.RELEASE]
	at org.springframework.beans.factory.support.DefaultSingletonBeanRegistry.getSingleton(DefaultSingletonBeanRegistry.java:229) ~[spring-beans-4.1.1.RELEASE.jar:4.1.1.RELEASE]
	at org.springframework.beans.factory.support.AbstractBeanFactory.doGetBean(AbstractBeanFactory.java:298) ~[spring-beans-4.1.1.RELEASE.jar:4.1.1.RELEASE]
	at org.springframework.beans.factory.support.AbstractBeanFactory.getBean(AbstractBeanFactory.java:193) ~[spring-beans-4.1.1.RELEASE.jar:4.1.1.RELEASE]
	at org.springframework.beans.factory.support.DefaultListableBeanFactory.preInstantiateSingletons(DefaultListableBeanFactory.java:725) ~[spring-beans-4.1.1.RELEASE.jar:4.1.1.RELEASE]
	at org.springframework.context.support.AbstractApplicationContext.finishBeanFactoryInitialization(AbstractApplicationContext.java:757) ~[spring-context-4.1.1.RELEASE.jar:4.1.1.RELEASE]
	at org.springframework.context.support.AbstractApplicationContext.refresh(AbstractApplicationContext.java:480) ~[spring-context-4.1.1.RELEASE.jar:4.1.1.RELEASE]
	at org.springframework.web.context.ContextLoader.configureAndRefreshWebApplicationContext(ContextLoader.java:403) ~[spring-web-4.1.1.RELEASE.jar:4.1.1.RELEASE]
	at org.springframework.web.context.ContextLoader.initWebApplicationContext(ContextLoader.java:306) ~[spring-web-4.1.1.RELEASE.jar:4.1.1.RELEASE]
	at org.springframework.web.context.ContextLoaderListener.contextInitialized(ContextLoaderListener.java:106) [spring-web-4.1.1.RELEASE.jar:4.1.1.RELEASE]
	at org.eclipse.jetty.server.handler.ContextHandler.callContextInitialized(ContextHandler.java:787) [jetty-server-9.0.4.v20130625.jar:9.0.4.v20130625]
	at org.eclipse.jetty.servlet.ServletContextHandler.callContextInitialized(ServletContextHandler.java:434) [jetty-servlet-9.0.4.v20130625.jar:9.0.4.v20130625]
	at org.eclipse.jetty.server.handler.ContextHandler.startContext(ContextHandler.java:779) [jetty-server-9.0.4.v20130625.jar:9.0.4.v20130625]
	at org.eclipse.jetty.servlet.ServletContextHandler.startContext(ServletContextHandler.java:284) [jetty-servlet-9.0.4.v20130625.jar:9.0.4.v20130625]
	at org.eclipse.jetty.webapp.WebAppContext.startContext(WebAppContext.java:1322) [jetty-webapp-9.0.4.v20130625.jar:9.0.4.v20130625]
	at org.eclipse.jetty.server.handler.ContextHandler.doStart(ContextHandler.java:731) [jetty-server-9.0.4.v20130625.jar:9.0.4.v20130625]
	at org.eclipse.jetty.webapp.WebAppContext.doStart(WebAppContext.java:490) [jetty-webapp-9.0.4.v20130625.jar:9.0.4.v20130625]
	at org.eclipse.jetty.maven.plugin.JettyWebAppContext.doStart(JettyWebAppContext.java:280) [jetty-maven-plugin-9.0.4.v20130625.jar:9.0.4.v20130625]
	at org.eclipse.jetty.util.component.AbstractLifeCycle.start(AbstractLifeCycle.java:69) [jetty-util-9.0.4.v20130625.jar:9.0.4.v20130625]
	at org.eclipse.jetty.util.component.ContainerLifeCycle.start(ContainerLifeCycle.java:108) [jetty-util-9.0.4.v20130625.jar:9.0.4.v20130625]
	at org.eclipse.jetty.util.component.ContainerLifeCycle.doStart(ContainerLifeCycle.java:90) [jetty-util-9.0.4.v20130625.jar:9.0.4.v20130625]
	at org.eclipse.jetty.server.handler.AbstractHandler.doStart(AbstractHandler.java:58) [jetty-server-9.0.4.v20130625.jar:9.0.4.v20130625]
	at org.eclipse.jetty.server.handler.ContextHandlerCollection.doStart(ContextHandlerCollection.java:175) [jetty-server-9.0.4.v20130625.jar:9.0.4.v20130625]
	at org.eclipse.jetty.util.component.AbstractLifeCycle.start(AbstractLifeCycle.java:69) [jetty-util-9.0.4.v20130625.jar:9.0.4.v20130625]
	at org.eclipse.jetty.util.component.ContainerLifeCycle.start(ContainerLifeCycle.java:108) [jetty-util-9.0.4.v20130625.jar:9.0.4.v20130625]
	at org.eclipse.jetty.util.component.ContainerLifeCycle.doStart(ContainerLifeCycle.java:90) [jetty-util-9.0.4.v20130625.jar:9.0.4.v20130625]
	at org.eclipse.jetty.server.handler.AbstractHandler.doStart(AbstractHandler.java:58) [jetty-server-9.0.4.v20130625.jar:9.0.4.v20130625]
	at org.eclipse.jetty.util.component.AbstractLifeCycle.start(AbstractLifeCycle.java:69) [jetty-util-9.0.4.v20130625.jar:9.0.4.v20130625]
	at org.eclipse.jetty.util.component.ContainerLifeCycle.start(ContainerLifeCycle.java:108) [jetty-util-9.0.4.v20130625.jar:9.0.4.v20130625]
	at org.eclipse.jetty.server.Server.start(Server.java:342) [jetty-server-9.0.4.v20130625.jar:9.0.4.v20130625]
	at org.eclipse.jetty.util.component.ContainerLifeCycle.doStart(ContainerLifeCycle.java:90) [jetty-util-9.0.4.v20130625.jar:9.0.4.v20130625]
	at org.eclipse.jetty.server.handler.AbstractHandler.doStart(AbstractHandler.java:58) [jetty-server-9.0.4.v20130625.jar:9.0.4.v20130625]
	at org.eclipse.jetty.server.Server.doStart(Server.java:290) [jetty-server-9.0.4.v20130625.jar:9.0.4.v20130625]
	at org.eclipse.jetty.maven.plugin.JettyServer.doStart(JettyServer.java:68) [jetty-maven-plugin-9.0.4.v20130625.jar:9.0.4.v20130625]
	at org.eclipse.jetty.util.component.AbstractLifeCycle.start(AbstractLifeCycle.java:69) [jetty-util-9.0.4.v20130625.jar:9.0.4.v20130625]
	at org.eclipse.jetty.maven.plugin.AbstractJettyMojo.startJetty(AbstractJettyMojo.java:556) [jetty-maven-plugin-9.0.4.v20130625.jar:9.0.4.v20130625]
	at org.eclipse.jetty.maven.plugin.AbstractJettyMojo.execute(AbstractJettyMojo.java:352) [jetty-maven-plugin-9.0.4.v20130625.jar:9.0.4.v20130625]
	at org.eclipse.jetty.maven.plugin.JettyRunMojo.execute(JettyRunMojo.java:167) [jetty-maven-plugin-9.0.4.v20130625.jar:9.0.4.v20130625]
	at org.apache.maven.plugin.DefaultBuildPluginManager.executeMojo(DefaultBuildPluginManager.java:133) [maven-core-3.2.1.jar:3.2.1]
	at org.apache.maven.lifecycle.internal.MojoExecutor.execute(MojoExecutor.java:208) [maven-core-3.2.1.jar:3.2.1]
	at org.apache.maven.lifecycle.internal.MojoExecutor.execute(MojoExecutor.java:153) [maven-core-3.2.1.jar:3.2.1]
	at org.apache.maven.lifecycle.internal.MojoExecutor.execute(MojoExecutor.java:145) [maven-core-3.2.1.jar:3.2.1]
	at org.apache.maven.lifecycle.internal.LifecycleModuleBuilder.buildProject(LifecycleModuleBuilder.java:108) [maven-core-3.2.1.jar:3.2.1]
	at org.apache.maven.lifecycle.internal.LifecycleModuleBuilder.buildProject(LifecycleModuleBuilder.java:76) [maven-core-3.2.1.jar:3.2.1]
	at org.apache.maven.lifecycle.internal.builder.singlethreaded.SingleThreadedBuilder.build(SingleThreadedBuilder.java:51) [maven-core-3.2.1.jar:3.2.1]
	at org.apache.maven.lifecycle.internal.LifecycleStarter.execute(LifecycleStarter.java:116) [maven-core-3.2.1.jar:3.2.1]
	at org.apache.maven.DefaultMaven.doExecute(DefaultMaven.java:361) [maven-core-3.2.1.jar:3.2.1]
	at org.apache.maven.DefaultMaven.execute(DefaultMaven.java:155) [maven-core-3.2.1.jar:3.2.1]
	at org.apache.maven.cli.MavenCli.execute(MavenCli.java:584) [maven-embedder-3.2.1.jar:3.2.1]
	at org.apache.maven.cli.MavenCli.doMain(MavenCli.java:213) [maven-embedder-3.2.1.jar:3.2.1]
	at org.apache.maven.cli.MavenCli.main(MavenCli.java:157) [maven-embedder-3.2.1.jar:3.2.1]
	at sun.reflect.NativeMethodAccessorImpl.invoke0(Native Method) ~[na:1.7.0_67]
	at sun.reflect.NativeMethodAccessorImpl.invoke(NativeMethodAccessorImpl.java:57) ~[na:1.7.0_67]
	at sun.reflect.DelegatingMethodAccessorImpl.invoke(DelegatingMethodAccessorImpl.java:43) ~[na:1.7.0_67]
	at java.lang.reflect.Method.invoke(Method.java:606) ~[na:1.7.0_67]
	at org.codehaus.plexus.classworlds.launcher.Launcher.launchEnhanced(Launcher.java:289) [plexus-classworlds-2.5.1.jar:na]
	at org.codehaus.plexus.classworlds.launcher.Launcher.launch(Launcher.java:229) [plexus-classworlds-2.5.1.jar:na]
	at org.codehaus.plexus.classworlds.launcher.Launcher.mainWithExitCode(Launcher.java:415) [plexus-classworlds-2.5.1.jar:na]
	at org.codehaus.plexus.classworlds.launcher.Launcher.main(Launcher.java:356) [plexus-classworlds-2.5.1.jar:na]
Caused by: org.springframework.beans.factory.BeanCreationException: Could not autowire field: private com.xin.orm.EntityDao com.xin.service.base.BaseServiceImpl.entityDao; nested exception is org.springframework.beans.factory.NoSuchBeanDefinitionException: No qualifying bean of type [com.xin.orm.EntityDao] found for dependency: expected at least 1 bean which qualifies as autowire candidate for this dependency. Dependency annotations: {@org.springframework.beans.factory.annotation.Autowired(required=true)}
	at org.springframework.beans.factory.annotation.AutowiredAnnotationBeanPostProcessor$AutowiredFieldElement.inject(AutowiredAnnotationBeanPostProcessor.java:555) ~[spring-beans-4.1.1.RELEASE.jar:4.1.1.RELEASE]
	at org.springframework.beans.factory.annotation.InjectionMetadata.inject(InjectionMetadata.java:87) ~[spring-beans-4.1.1.RELEASE.jar:4.1.1.RELEASE]
	at org.springframework.beans.factory.annotation.AutowiredAnnotationBeanPostProcessor.postProcessPropertyValues(AutowiredAnnotationBeanPostProcessor.java:331) ~[spring-beans-4.1.1.RELEASE.jar:4.1.1.RELEASE]
	... 62 common frames omitted
Caused by: org.springframework.beans.factory.NoSuchBeanDefinitionException: No qualifying bean of type [com.xin.orm.EntityDao] found for dependency: expected at least 1 bean which qualifies as autowire candidate for this dependency. Dependency annotations: {@org.springframework.beans.factory.annotation.Autowired(required=true)}
	at org.springframework.beans.factory.support.DefaultListableBeanFactory.raiseNoSuchBeanDefinitionException(DefaultListableBeanFactory.java:1261) ~[spring-beans-4.1.1.RELEASE.jar:4.1.1.RELEASE]
	at org.springframework.beans.factory.support.DefaultListableBeanFactory.doResolveDependency(DefaultListableBeanFactory.java:1009) ~[spring-beans-4.1.1.RELEASE.jar:4.1.1.RELEASE]
	at org.springframework.beans.factory.support.DefaultListableBeanFactory.resolveDependency(DefaultListableBeanFactory.java:904) ~[spring-beans-4.1.1.RELEASE.jar:4.1.1.RELEASE]
	at org.springframework.beans.factory.annotation.AutowiredAnnotationBeanPostProcessor$AutowiredFieldElement.inject(AutowiredAnnotationBeanPostProcessor.java:527) ~[spring-beans-4.1.1.RELEASE.jar:4.1.1.RELEASE]
	... 64 common frames omitted
2015-03-19 17:39:30,855  INFO [main] org.springframework.web.context.ContextLoader:285 - Root WebApplicationContext: initialization started
2015-03-19 17:39:30,940  INFO [main] org.springframework.web.context.support.XmlWebApplicationContext:510 - Refreshing Root WebApplicationContext: startup date [Thu Mar 19 17:39:30 CST 2015]; root of context hierarchy
2015-03-19 17:39:30,969  INFO [main] org.springframework.beans.factory.xml.XmlBeanDefinitionReader:317 - Loading XML bean definitions from URL [file:/C:/Users/zhouxin/workspace/xin/target/classes/spring-config.xml]
2015-03-19 17:39:31,293  INFO [main] org.springframework.beans.factory.config.PropertyPlaceholderConfigurer:172 - Loading properties file from class path resource [application.properties]
2015-03-19 17:39:31,297  INFO [main] org.springframework.beans.factory.annotation.AutowiredAnnotationBeanPostProcessor:153 - JSR-330 'javax.inject.Inject' annotation found and supported for autowiring
2015-03-19 17:39:31,654  INFO [main] org.hibernate.annotations.common.Version:66 - HCANN000001: Hibernate Commons Annotations {4.0.5.Final}
2015-03-19 17:39:31,661  INFO [main] org.hibernate.Version:54 - HHH000412: Hibernate Core {4.3.7.Final}
2015-03-19 17:39:31,663  INFO [main] org.hibernate.cfg.Environment:239 - HHH000206: hibernate.properties not found
2015-03-19 17:39:31,664  INFO [main] org.hibernate.cfg.Environment:346 - HHH000021: Bytecode provider name : javassist
2015-03-19 17:39:32,067  INFO [main] org.hibernate.dialect.Dialect:145 - HHH000400: Using dialect: org.hibernate.dialect.MySQLDialect
2015-03-19 17:39:32,110  INFO [main] org.hibernate.engine.transaction.internal.TransactionFactoryInitiator:62 - HHH000399: Using default transaction strategy (direct JDBC transactions)
2015-03-19 17:39:32,114  INFO [main] org.hibernate.hql.internal.ast.ASTQueryTranslatorFactory:47 - HHH000397: Using ASTQueryTranslatorFactory
2015-03-19 17:39:32,336  INFO [main] org.hibernate.cache.spi.UpdateTimestampsCache:72 - HHH000250: Starting update timestamps cache at region: org.hibernate.cache.spi.UpdateTimestampsCache
2015-03-19 17:39:32,344  INFO [main] org.hibernate.cache.internal.StandardQueryCache:90 - HHH000248: Starting query cache at region: org.hibernate.cache.internal.StandardQueryCache
2015-03-19 17:39:32,374  INFO [main] org.hibernate.validator.internal.util.Version:27 - HV000001: Hibernate Validator 5.0.3.Final
2015-03-19 17:39:32,558  INFO [main] org.springframework.orm.hibernate4.HibernateTransactionManager:342 - Using DataSource [org.apache.commons.dbcp.BasicDataSource@4f11a931] of Hibernate SessionFactory for HibernateTransactionManager
2015-03-19 17:39:32,712  INFO [main] org.springframework.beans.factory.config.PropertiesFactoryBean:172 - Loading properties file from class path resource [application.properties]
2015-03-19 17:39:32,718  INFO [main] org.springframework.web.context.ContextLoader:325 - Root WebApplicationContext: initialization completed in 1860 ms
2015-03-19 17:39:32,813  INFO [main] org.springframework.web.servlet.DispatcherServlet:484 - FrameworkServlet 'mvc-dispatcher': initialization started
2015-03-19 17:39:32,816  INFO [main] org.springframework.web.context.support.XmlWebApplicationContext:510 - Refreshing WebApplicationContext for namespace 'mvc-dispatcher-servlet': startup date [Thu Mar 19 17:39:32 CST 2015]; parent: Root WebApplicationContext
2015-03-19 17:39:32,817  INFO [main] org.springframework.beans.factory.xml.XmlBeanDefinitionReader:317 - Loading XML bean definitions from class path resource [spring-mvc.xml]
2015-03-19 17:39:32,998  INFO [main] org.springframework.beans.factory.annotation.AutowiredAnnotationBeanPostProcessor:153 - JSR-330 'javax.inject.Inject' annotation found and supported for autowiring
2015-03-19 17:39:33,060  INFO [main] org.springframework.scheduling.concurrent.ThreadPoolTaskExecutor:165 - Initializing ExecutorService 
2015-03-19 17:39:33,136  INFO [main] org.springframework.web.servlet.mvc.method.annotation.RequestMappingHandlerMapping:220 - Mapped "{[//register],methods=[POST],params=[],headers=[],consumes=[],produces=[],custom=[]}" onto public org.springframework.web.servlet.ModelAndView com.xin.web.controller.UserController.register()
2015-03-19 17:39:33,137  INFO [main] org.springframework.web.servlet.mvc.method.annotation.RequestMappingHandlerMapping:220 - Mapped "{[//index],methods=[GET],params=[],headers=[],consumes=[],produces=[],custom=[]}" onto public org.springframework.web.servlet.ModelAndView com.xin.web.controller.UserController.index()
2015-03-19 17:39:33,137  INFO [main] org.springframework.web.servlet.mvc.method.annotation.RequestMappingHandlerMapping:220 - Mapped "{[//register],methods=[GET],params=[],headers=[],consumes=[],produces=[],custom=[]}" onto public org.springframework.web.servlet.ModelAndView com.xin.web.controller.UserController.registerList()
2015-03-19 17:39:33,138  INFO [main] org.springframework.web.servlet.mvc.method.annotation.RequestMappingHandlerMapping:220 - Mapped "{[//info],methods=[POST],params=[],headers=[],consumes=[],produces=[],custom=[]}" onto public org.springframework.web.servlet.ModelAndView com.xin.web.controller.UserController.displayInfo()
2015-03-19 17:39:33,441  INFO [main] org.springframework.web.servlet.mvc.method.annotation.RequestMappingHandlerAdapter:523 - Looking for @ControllerAdvice: WebApplicationContext for namespace 'mvc-dispatcher-servlet': startup date [Thu Mar 19 17:39:32 CST 2015]; parent: Root WebApplicationContext
2015-03-19 17:39:33,507  INFO [main] org.springframework.web.servlet.mvc.method.annotation.RequestMappingHandlerAdapter:523 - Looking for @ControllerAdvice: WebApplicationContext for namespace 'mvc-dispatcher-servlet': startup date [Thu Mar 19 17:39:32 CST 2015]; parent: Root WebApplicationContext
2015-03-19 17:39:33,648  INFO [main] org.springframework.web.servlet.DispatcherServlet:503 - FrameworkServlet 'mvc-dispatcher': initialization completed in 835 ms
2015-03-19 17:39:34,047  INFO [net.sf.ehcache.CacheManager@6cfb1ce0] net.sf.ehcache.util.UpdateChecker:98 - New update(s) found: 2.4.7 [http://www.terracotta.org/confluence/display/release/Release+Notes+Ehcache+Core+2.4]. Please check http://ehcache.org for the latest version.
2015-03-19 17:41:08,899  INFO [main] org.springframework.web.context.ContextLoader:285 - Root WebApplicationContext: initialization started
2015-03-19 17:41:08,983  INFO [main] org.springframework.web.context.support.XmlWebApplicationContext:510 - Refreshing Root WebApplicationContext: startup date [Thu Mar 19 17:41:08 CST 2015]; root of context hierarchy
2015-03-19 17:41:09,033  INFO [main] org.springframework.beans.factory.xml.XmlBeanDefinitionReader:317 - Loading XML bean definitions from URL [file:/C:/Users/zhouxin/workspace/xin/target/classes/spring-config.xml]
2015-03-19 17:41:09,382  INFO [main] org.springframework.beans.factory.config.PropertyPlaceholderConfigurer:172 - Loading properties file from class path resource [application.properties]
2015-03-19 17:41:09,387  INFO [main] org.springframework.beans.factory.annotation.AutowiredAnnotationBeanPostProcessor:153 - JSR-330 'javax.inject.Inject' annotation found and supported for autowiring
2015-03-19 17:41:09,736  INFO [main] org.hibernate.annotations.common.Version:66 - HCANN000001: Hibernate Commons Annotations {4.0.5.Final}
2015-03-19 17:41:09,742  INFO [main] org.hibernate.Version:54 - HHH000412: Hibernate Core {4.3.7.Final}
2015-03-19 17:41:09,745  INFO [main] org.hibernate.cfg.Environment:239 - HHH000206: hibernate.properties not found
2015-03-19 17:41:09,747  INFO [main] org.hibernate.cfg.Environment:346 - HHH000021: Bytecode provider name : javassist
2015-03-19 17:41:10,045  INFO [main] org.hibernate.dialect.Dialect:145 - HHH000400: Using dialect: org.hibernate.dialect.MySQLDialect
2015-03-19 17:41:10,091  INFO [main] org.hibernate.engine.transaction.internal.TransactionFactoryInitiator:62 - HHH000399: Using default transaction strategy (direct JDBC transactions)
2015-03-19 17:41:10,096  INFO [main] org.hibernate.hql.internal.ast.ASTQueryTranslatorFactory:47 - HHH000397: Using ASTQueryTranslatorFactory
2015-03-19 17:41:10,331  INFO [main] org.hibernate.cache.spi.UpdateTimestampsCache:72 - HHH000250: Starting update timestamps cache at region: org.hibernate.cache.spi.UpdateTimestampsCache
2015-03-19 17:41:10,336  INFO [main] org.hibernate.cache.internal.StandardQueryCache:90 - HHH000248: Starting query cache at region: org.hibernate.cache.internal.StandardQueryCache
2015-03-19 17:41:10,365  INFO [main] org.hibernate.validator.internal.util.Version:27 - HV000001: Hibernate Validator 5.0.3.Final
2015-03-19 17:41:10,560  INFO [main] org.springframework.orm.hibernate4.HibernateTransactionManager:342 - Using DataSource [org.apache.commons.dbcp.BasicDataSource@235282e3] of Hibernate SessionFactory for HibernateTransactionManager
2015-03-19 17:41:10,709  INFO [main] org.springframework.beans.factory.config.PropertiesFactoryBean:172 - Loading properties file from class path resource [application.properties]
2015-03-19 17:41:10,716  INFO [main] org.springframework.web.context.ContextLoader:325 - Root WebApplicationContext: initialization completed in 1813 ms
2015-03-19 17:41:10,800  INFO [main] org.springframework.web.servlet.DispatcherServlet:484 - FrameworkServlet 'mvc-dispatcher': initialization started
2015-03-19 17:41:10,803  INFO [main] org.springframework.web.context.support.XmlWebApplicationContext:510 - Refreshing WebApplicationContext for namespace 'mvc-dispatcher-servlet': startup date [Thu Mar 19 17:41:10 CST 2015]; parent: Root WebApplicationContext
2015-03-19 17:41:10,804  INFO [main] org.springframework.beans.factory.xml.XmlBeanDefinitionReader:317 - Loading XML bean definitions from class path resource [spring-mvc.xml]
2015-03-19 17:41:10,938  INFO [main] org.springframework.beans.factory.annotation.AutowiredAnnotationBeanPostProcessor:153 - JSR-330 'javax.inject.Inject' annotation found and supported for autowiring
2015-03-19 17:41:11,002  INFO [main] org.springframework.scheduling.concurrent.ThreadPoolTaskExecutor:165 - Initializing ExecutorService 
2015-03-19 17:41:11,079  INFO [main] org.springframework.web.servlet.mvc.method.annotation.RequestMappingHandlerMapping:220 - Mapped "{[//register],methods=[POST],params=[],headers=[],consumes=[],produces=[],custom=[]}" onto public org.springframework.web.servlet.ModelAndView com.xin.web.controller.UserController.register()
2015-03-19 17:41:11,079  INFO [main] org.springframework.web.servlet.mvc.method.annotation.RequestMappingHandlerMapping:220 - Mapped "{[/],methods=[GET],params=[],headers=[],consumes=[],produces=[],custom=[]}" onto public org.springframework.web.servlet.ModelAndView com.xin.web.controller.UserController.index()
2015-03-19 17:41:11,080  INFO [main] org.springframework.web.servlet.mvc.method.annotation.RequestMappingHandlerMapping:220 - Mapped "{[//register],methods=[GET],params=[],headers=[],consumes=[],produces=[],custom=[]}" onto public org.springframework.web.servlet.ModelAndView com.xin.web.controller.UserController.registerList()
2015-03-19 17:41:11,080  INFO [main] org.springframework.web.servlet.mvc.method.annotation.RequestMappingHandlerMapping:220 - Mapped "{[//info],methods=[POST],params=[],headers=[],consumes=[],produces=[],custom=[]}" onto public org.springframework.web.servlet.ModelAndView com.xin.web.controller.UserController.displayInfo()
2015-03-19 17:41:11,370  INFO [main] org.springframework.web.servlet.mvc.method.annotation.RequestMappingHandlerAdapter:523 - Looking for @ControllerAdvice: WebApplicationContext for namespace 'mvc-dispatcher-servlet': startup date [Thu Mar 19 17:41:10 CST 2015]; parent: Root WebApplicationContext
2015-03-19 17:41:11,434  INFO [main] org.springframework.web.servlet.mvc.method.annotation.RequestMappingHandlerAdapter:523 - Looking for @ControllerAdvice: WebApplicationContext for namespace 'mvc-dispatcher-servlet': startup date [Thu Mar 19 17:41:10 CST 2015]; parent: Root WebApplicationContext
2015-03-19 17:41:11,575  INFO [main] org.springframework.web.servlet.DispatcherServlet:503 - FrameworkServlet 'mvc-dispatcher': initialization completed in 774 ms
2015-03-19 17:41:11,922  INFO [net.sf.ehcache.CacheManager@7f4057e5] net.sf.ehcache.util.UpdateChecker:98 - New update(s) found: 2.4.7 [http://www.terracotta.org/confluence/display/release/Release+Notes+Ehcache+Core+2.4]. Please check http://ehcache.org for the latest version.
2015-03-19 17:46:01,861  INFO [main] org.springframework.web.context.ContextLoader:285 - Root WebApplicationContext: initialization started
2015-03-19 17:46:01,931  INFO [main] org.springframework.web.context.support.XmlWebApplicationContext:510 - Refreshing Root WebApplicationContext: startup date [Thu Mar 19 17:46:01 CST 2015]; root of context hierarchy
2015-03-19 17:46:01,960  INFO [main] org.springframework.beans.factory.xml.XmlBeanDefinitionReader:317 - Loading XML bean definitions from URL [file:/C:/Users/zhouxin/workspace/xin/target/classes/spring-config.xml]
2015-03-19 17:46:02,282  INFO [main] org.springframework.beans.factory.config.PropertyPlaceholderConfigurer:172 - Loading properties file from class path resource [application.properties]
2015-03-19 17:46:02,287  INFO [main] org.springframework.beans.factory.annotation.AutowiredAnnotationBeanPostProcessor:153 - JSR-330 'javax.inject.Inject' annotation found and supported for autowiring
2015-03-19 17:46:02,638  INFO [main] org.hibernate.annotations.common.Version:66 - HCANN000001: Hibernate Commons Annotations {4.0.5.Final}
2015-03-19 17:46:02,645  INFO [main] org.hibernate.Version:54 - HHH000412: Hibernate Core {4.3.7.Final}
2015-03-19 17:46:02,647  INFO [main] org.hibernate.cfg.Environment:239 - HHH000206: hibernate.properties not found
2015-03-19 17:46:02,649  INFO [main] org.hibernate.cfg.Environment:346 - HHH000021: Bytecode provider name : javassist
2015-03-19 17:46:02,987  INFO [main] org.hibernate.dialect.Dialect:145 - HHH000400: Using dialect: org.hibernate.dialect.MySQLDialect
2015-03-19 17:46:03,035  INFO [main] org.hibernate.engine.transaction.internal.TransactionFactoryInitiator:62 - HHH000399: Using default transaction strategy (direct JDBC transactions)
2015-03-19 17:46:03,039  INFO [main] org.hibernate.hql.internal.ast.ASTQueryTranslatorFactory:47 - HHH000397: Using ASTQueryTranslatorFactory
2015-03-19 17:46:03,264  INFO [main] org.hibernate.cache.spi.UpdateTimestampsCache:72 - HHH000250: Starting update timestamps cache at region: org.hibernate.cache.spi.UpdateTimestampsCache
2015-03-19 17:46:03,269  INFO [main] org.hibernate.cache.internal.StandardQueryCache:90 - HHH000248: Starting query cache at region: org.hibernate.cache.internal.StandardQueryCache
2015-03-19 17:46:03,298  INFO [main] org.hibernate.validator.internal.util.Version:27 - HV000001: Hibernate Validator 5.0.3.Final
2015-03-19 17:46:03,475  INFO [main] org.springframework.orm.hibernate4.HibernateTransactionManager:342 - Using DataSource [org.apache.commons.dbcp.BasicDataSource@6518b93b] of Hibernate SessionFactory for HibernateTransactionManager
2015-03-19 17:46:03,625  INFO [main] org.springframework.beans.factory.config.PropertiesFactoryBean:172 - Loading properties file from class path resource [application.properties]
2015-03-19 17:46:03,631  INFO [main] org.springframework.web.context.ContextLoader:325 - Root WebApplicationContext: initialization completed in 1767 ms
2015-03-19 17:46:03,722  INFO [main] org.springframework.web.servlet.DispatcherServlet:484 - FrameworkServlet 'mvc-dispatcher': initialization started
2015-03-19 17:46:03,725  INFO [main] org.springframework.web.context.support.XmlWebApplicationContext:510 - Refreshing WebApplicationContext for namespace 'mvc-dispatcher-servlet': startup date [Thu Mar 19 17:46:03 CST 2015]; parent: Root WebApplicationContext
2015-03-19 17:46:03,726  INFO [main] org.springframework.beans.factory.xml.XmlBeanDefinitionReader:317 - Loading XML bean definitions from class path resource [spring-mvc.xml]
2015-03-19 17:46:03,864  INFO [main] org.springframework.beans.factory.annotation.AutowiredAnnotationBeanPostProcessor:153 - JSR-330 'javax.inject.Inject' annotation found and supported for autowiring
2015-03-19 17:46:03,935  INFO [main] org.springframework.scheduling.concurrent.ThreadPoolTaskExecutor:165 - Initializing ExecutorService 
2015-03-19 17:46:04,026  INFO [main] org.springframework.web.servlet.mvc.method.annotation.RequestMappingHandlerMapping:220 - Mapped "{[/user/register],methods=[POST],params=[],headers=[],consumes=[],produces=[],custom=[]}" onto public org.springframework.web.servlet.ModelAndView com.xin.web.controller.UserController.register()
2015-03-19 17:46:04,027  INFO [main] org.springframework.web.servlet.mvc.method.annotation.RequestMappingHandlerMapping:220 - Mapped "{[/user],methods=[GET],params=[],headers=[],consumes=[],produces=[],custom=[]}" onto public org.springframework.web.servlet.ModelAndView com.xin.web.controller.UserController.index()
2015-03-19 17:46:04,027  INFO [main] org.springframework.web.servlet.mvc.method.annotation.RequestMappingHandlerMapping:220 - Mapped "{[/user/register],methods=[GET],params=[],headers=[],consumes=[],produces=[],custom=[]}" onto public org.springframework.web.servlet.ModelAndView com.xin.web.controller.UserController.registerList()
2015-03-19 17:46:04,028  INFO [main] org.springframework.web.servlet.mvc.method.annotation.RequestMappingHandlerMapping:220 - Mapped "{[/user/info],methods=[POST],params=[],headers=[],consumes=[],produces=[],custom=[]}" onto public org.springframework.web.servlet.ModelAndView com.xin.web.controller.UserController.displayInfo()
2015-03-19 17:46:04,285  INFO [main] org.springframework.web.servlet.mvc.method.annotation.RequestMappingHandlerAdapter:523 - Looking for @ControllerAdvice: WebApplicationContext for namespace 'mvc-dispatcher-servlet': startup date [Thu Mar 19 17:46:03 CST 2015]; parent: Root WebApplicationContext
2015-03-19 17:46:04,346  INFO [main] org.springframework.web.servlet.mvc.method.annotation.RequestMappingHandlerAdapter:523 - Looking for @ControllerAdvice: WebApplicationContext for namespace 'mvc-dispatcher-servlet': startup date [Thu Mar 19 17:46:03 CST 2015]; parent: Root WebApplicationContext
2015-03-19 17:46:04,502  INFO [main] org.springframework.web.servlet.DispatcherServlet:503 - FrameworkServlet 'mvc-dispatcher': initialization completed in 780 ms
2015-03-19 17:46:04,780  INFO [net.sf.ehcache.CacheManager@5857193b] net.sf.ehcache.util.UpdateChecker:98 - New update(s) found: 2.4.7 [http://www.terracotta.org/confluence/display/release/Release+Notes+Ehcache+Core+2.4]. Please check http://ehcache.org for the latest version.
2015-03-19 17:46:14,265  WARN [qtp1580396188-17] org.springframework.web.servlet.PageNotFound:1120 - No mapping found for HTTP request with URI [/xin/] in DispatcherServlet with name 'mvc-dispatcher'
2015-03-19 17:47:07,104  WARN [qtp1580396188-20] org.springframework.web.servlet.PageNotFound:198 - Request method 'GET' not supported
