2015-03-16 15:39:03,677  INFO [main] org.springframework.web.context.ContextLoader:285 - Root WebApplicationContext: initialization started
2015-03-16 15:39:03,740  INFO [main] org.springframework.web.context.support.XmlWebApplicationContext:510 - Refreshing Root WebApplicationContext: startup date [Mon Mar 16 15:39:03 CST 2015]; root of context hierarchy
2015-03-16 15:39:03,770  INFO [main] org.springframework.beans.factory.xml.XmlBeanDefinitionReader:317 - Loading XML bean definitions from URL [file:/C:/Users/zhouxin/workspace/xin/target/classes/spring-config.xml]
2015-03-16 15:39:04,073  INFO [main] org.springframework.beans.factory.config.PropertyPlaceholderConfigurer:172 - Loading properties file from class path resource [application.properties]
2015-03-16 15:39:04,078  INFO [main] org.springframework.beans.factory.annotation.AutowiredAnnotationBeanPostProcessor:153 - JSR-330 'javax.inject.Inject' annotation found and supported for autowiring
2015-03-16 15:39:04,460  INFO [main] org.hibernate.annotations.common.Version:66 - HCANN000001: Hibernate Commons Annotations {4.0.5.Final}
2015-03-16 15:39:04,470  INFO [main] org.hibernate.Version:54 - HHH000412: Hibernate Core {4.3.7.Final}
2015-03-16 15:39:04,474  INFO [main] org.hibernate.cfg.Environment:239 - HHH000206: hibernate.properties not found
2015-03-16 15:39:04,475  INFO [main] org.hibernate.cfg.Environment:346 - HHH000021: Bytecode provider name : javassist
2015-03-16 15:39:04,832  INFO [main] org.hibernate.dialect.Dialect:145 - HHH000400: Using dialect: org.hibernate.dialect.MySQLDialect
2015-03-16 15:39:04,881  INFO [main] org.hibernate.engine.transaction.internal.TransactionFactoryInitiator:62 - HHH000399: Using default transaction strategy (direct JDBC transactions)
2015-03-16 15:39:04,885  INFO [main] org.hibernate.hql.internal.ast.ASTQueryTranslatorFactory:47 - HHH000397: Using ASTQueryTranslatorFactory
2015-03-16 15:39:05,117  INFO [main] org.hibernate.cache.spi.UpdateTimestampsCache:72 - HHH000250: Starting update timestamps cache at region: org.hibernate.cache.spi.UpdateTimestampsCache
2015-03-16 15:39:05,122  INFO [main] org.hibernate.cache.internal.StandardQueryCache:90 - HHH000248: Starting query cache at region: org.hibernate.cache.internal.StandardQueryCache
2015-03-16 15:39:05,159  INFO [main] org.hibernate.validator.internal.util.Version:27 - HV000001: Hibernate Validator 5.0.3.Final
2015-03-16 15:39:05,344  INFO [main] org.springframework.orm.hibernate4.HibernateTransactionManager:342 - Using DataSource [org.apache.commons.dbcp.BasicDataSource@42ccaccc] of Hibernate SessionFactory for HibernateTransactionManager
2015-03-16 15:39:05,383  INFO [main] org.springframework.beans.factory.config.PropertiesFactoryBean:172 - Loading properties file from class path resource [application.properties]
2015-03-16 15:39:05,393  INFO [main] org.springframework.web.context.ContextLoader:325 - Root WebApplicationContext: initialization completed in 1712 ms
2015-03-16 15:39:05,491  INFO [main] org.springframework.web.servlet.DispatcherServlet:484 - FrameworkServlet 'mvc-dispatcher': initialization started
2015-03-16 15:39:05,493  INFO [main] org.springframework.web.context.support.XmlWebApplicationContext:510 - Refreshing WebApplicationContext for namespace 'mvc-dispatcher-servlet': startup date [Mon Mar 16 15:39:05 CST 2015]; parent: Root WebApplicationContext
2015-03-16 15:39:05,495  INFO [main] org.springframework.beans.factory.xml.XmlBeanDefinitionReader:317 - Loading XML bean definitions from class path resource [spring-mvc.xml]
2015-03-16 15:39:05,656  INFO [main] org.springframework.beans.factory.annotation.AutowiredAnnotationBeanPostProcessor:153 - JSR-330 'javax.inject.Inject' annotation found and supported for autowiring
2015-03-16 15:39:05,709  INFO [main] org.springframework.scheduling.concurrent.ThreadPoolTaskExecutor:165 - Initializing ExecutorService 
2015-03-16 15:39:06,114  INFO [main] org.springframework.web.servlet.mvc.method.annotation.RequestMappingHandlerAdapter:523 - Looking for @ControllerAdvice: WebApplicationContext for namespace 'mvc-dispatcher-servlet': startup date [Mon Mar 16 15:39:05 CST 2015]; parent: Root WebApplicationContext
2015-03-16 15:39:06,172  INFO [main] org.springframework.web.servlet.mvc.method.annotation.RequestMappingHandlerAdapter:523 - Looking for @ControllerAdvice: WebApplicationContext for namespace 'mvc-dispatcher-servlet': startup date [Mon Mar 16 15:39:05 CST 2015]; parent: Root WebApplicationContext
2015-03-16 15:39:06,378  INFO [main] org.springframework.web.servlet.DispatcherServlet:503 - FrameworkServlet 'mvc-dispatcher': initialization completed in 887 ms
2015-03-16 15:39:07,311  INFO [net.sf.ehcache.CacheManager@19a62d0] net.sf.ehcache.util.UpdateChecker:98 - New update(s) found: 2.4.7 [http://www.terracotta.org/confluence/display/release/Release+Notes+Ehcache+Core+2.4]. Please check http://ehcache.org for the latest version.
2015-03-16 15:39:43,305  WARN [qtp1152505658-19] org.springframework.web.servlet.PageNotFound:1120 - No mapping found for HTTP request with URI [/xin/home/index] in DispatcherServlet with name 'mvc-dispatcher'
2015-03-16 15:39:48,284  WARN [qtp1152505658-20] org.springframework.web.servlet.PageNotFound:1120 - No mapping found for HTTP request with URI [/xin/home] in DispatcherServlet with name 'mvc-dispatcher'
2015-03-16 15:40:03,260  WARN [qtp1152505658-19] org.springframework.web.servlet.PageNotFound:1120 - No mapping found for HTTP request with URI [/xin/home/index] in DispatcherServlet with name 'mvc-dispatcher'
2015-03-16 15:40:22,424  INFO [main] org.springframework.web.context.ContextLoader:285 - Root WebApplicationContext: initialization started
2015-03-16 15:40:22,509  INFO [main] org.springframework.web.context.support.XmlWebApplicationContext:510 - Refreshing Root WebApplicationContext: startup date [Mon Mar 16 15:40:22 CST 2015]; root of context hierarchy
2015-03-16 15:40:22,537  INFO [main] org.springframework.beans.factory.xml.XmlBeanDefinitionReader:317 - Loading XML bean definitions from URL [file:/C:/Users/zhouxin/workspace/xin/target/classes/spring-config.xml]
2015-03-16 15:40:22,861  INFO [main] org.springframework.beans.factory.config.PropertyPlaceholderConfigurer:172 - Loading properties file from class path resource [application.properties]
2015-03-16 15:40:22,865  INFO [main] org.springframework.beans.factory.annotation.AutowiredAnnotationBeanPostProcessor:153 - JSR-330 'javax.inject.Inject' annotation found and supported for autowiring
2015-03-16 15:40:23,198  INFO [main] org.hibernate.annotations.common.Version:66 - HCANN000001: Hibernate Commons Annotations {4.0.5.Final}
2015-03-16 15:40:23,206  INFO [main] org.hibernate.Version:54 - HHH000412: Hibernate Core {4.3.7.Final}
2015-03-16 15:40:23,208  INFO [main] org.hibernate.cfg.Environment:239 - HHH000206: hibernate.properties not found
2015-03-16 15:40:23,209  INFO [main] org.hibernate.cfg.Environment:346 - HHH000021: Bytecode provider name : javassist
2015-03-16 15:40:23,514  INFO [main] org.hibernate.dialect.Dialect:145 - HHH000400: Using dialect: org.hibernate.dialect.MySQLDialect
2015-03-16 15:40:23,566  INFO [main] org.hibernate.engine.transaction.internal.TransactionFactoryInitiator:62 - HHH000399: Using default transaction strategy (direct JDBC transactions)
2015-03-16 15:40:23,570  INFO [main] org.hibernate.hql.internal.ast.ASTQueryTranslatorFactory:47 - HHH000397: Using ASTQueryTranslatorFactory
2015-03-16 15:40:23,770  INFO [main] org.hibernate.cache.spi.UpdateTimestampsCache:72 - HHH000250: Starting update timestamps cache at region: org.hibernate.cache.spi.UpdateTimestampsCache
2015-03-16 15:40:23,775  INFO [main] org.hibernate.cache.internal.StandardQueryCache:90 - HHH000248: Starting query cache at region: org.hibernate.cache.internal.StandardQueryCache
2015-03-16 15:40:23,806  INFO [main] org.hibernate.validator.internal.util.Version:27 - HV000001: Hibernate Validator 5.0.3.Final
2015-03-16 15:40:23,987  INFO [main] org.springframework.orm.hibernate4.HibernateTransactionManager:342 - Using DataSource [org.apache.commons.dbcp.BasicDataSource@16d8a970] of Hibernate SessionFactory for HibernateTransactionManager
2015-03-16 15:40:24,014  INFO [main] org.springframework.beans.factory.config.PropertiesFactoryBean:172 - Loading properties file from class path resource [application.properties]
2015-03-16 15:40:24,022  INFO [main] org.springframework.web.context.ContextLoader:325 - Root WebApplicationContext: initialization completed in 1593 ms
2015-03-16 15:40:24,115  INFO [main] org.springframework.web.servlet.DispatcherServlet:484 - FrameworkServlet 'mvc-dispatcher': initialization started
2015-03-16 15:40:24,118  INFO [main] org.springframework.web.context.support.XmlWebApplicationContext:510 - Refreshing WebApplicationContext for namespace 'mvc-dispatcher-servlet': startup date [Mon Mar 16 15:40:24 CST 2015]; parent: Root WebApplicationContext
2015-03-16 15:40:24,119  INFO [main] org.springframework.beans.factory.xml.XmlBeanDefinitionReader:317 - Loading XML bean definitions from class path resource [spring-mvc.xml]
2015-03-16 15:40:24,244  INFO [main] org.springframework.beans.factory.annotation.AutowiredAnnotationBeanPostProcessor:153 - JSR-330 'javax.inject.Inject' annotation found and supported for autowiring
2015-03-16 15:40:24,295  INFO [main] org.springframework.scheduling.concurrent.ThreadPoolTaskExecutor:165 - Initializing ExecutorService 
2015-03-16 15:40:24,630  INFO [main] org.springframework.web.servlet.mvc.method.annotation.RequestMappingHandlerAdapter:523 - Looking for @ControllerAdvice: WebApplicationContext for namespace 'mvc-dispatcher-servlet': startup date [Mon Mar 16 15:40:24 CST 2015]; parent: Root WebApplicationContext
2015-03-16 15:40:24,682  INFO [main] org.springframework.web.servlet.mvc.method.annotation.RequestMappingHandlerAdapter:523 - Looking for @ControllerAdvice: WebApplicationContext for namespace 'mvc-dispatcher-servlet': startup date [Mon Mar 16 15:40:24 CST 2015]; parent: Root WebApplicationContext
2015-03-16 15:40:24,861  INFO [main] org.springframework.web.servlet.DispatcherServlet:503 - FrameworkServlet 'mvc-dispatcher': initialization completed in 746 ms
2015-03-16 15:40:25,577  INFO [net.sf.ehcache.CacheManager@61eff4cb] net.sf.ehcache.util.UpdateChecker:98 - New update(s) found: 2.4.7 [http://www.terracotta.org/confluence/display/release/Release+Notes+Ehcache+Core+2.4]. Please check http://ehcache.org for the latest version.
2015-03-16 15:40:32,365  WARN [qtp805125680-19] org.springframework.web.servlet.PageNotFound:1120 - No mapping found for HTTP request with URI [/xin/home/index] in DispatcherServlet with name 'mvc-dispatcher'
2015-03-16 15:41:03,959  WARN [qtp805125680-19] org.springframework.web.servlet.PageNotFound:1120 - No mapping found for HTTP request with URI [/xin/] in DispatcherServlet with name 'mvc-dispatcher'
2015-03-16 15:42:09,206  INFO [main] org.springframework.web.context.ContextLoader:285 - Root WebApplicationContext: initialization started
2015-03-16 15:42:09,292  INFO [main] org.springframework.web.context.support.XmlWebApplicationContext:510 - Refreshing Root WebApplicationContext: startup date [Mon Mar 16 15:42:09 CST 2015]; root of context hierarchy
2015-03-16 15:42:09,324  INFO [main] org.springframework.beans.factory.xml.XmlBeanDefinitionReader:317 - Loading XML bean definitions from URL [file:/C:/Users/zhouxin/workspace/xin/target/classes/spring-config.xml]
2015-03-16 15:42:09,560  INFO [main] org.springframework.beans.factory.config.PropertyPlaceholderConfigurer:172 - Loading properties file from class path resource [application.properties]
2015-03-16 15:42:09,564  INFO [main] org.springframework.beans.factory.annotation.AutowiredAnnotationBeanPostProcessor:153 - JSR-330 'javax.inject.Inject' annotation found and supported for autowiring
2015-03-16 15:42:09,865  INFO [main] org.hibernate.annotations.common.Version:66 - HCANN000001: Hibernate Commons Annotations {4.0.5.Final}
2015-03-16 15:42:09,872  INFO [main] org.hibernate.Version:54 - HHH000412: Hibernate Core {4.3.7.Final}
2015-03-16 15:42:09,874  INFO [main] org.hibernate.cfg.Environment:239 - HHH000206: hibernate.properties not found
2015-03-16 15:42:09,875  INFO [main] org.hibernate.cfg.Environment:346 - HHH000021: Bytecode provider name : javassist
2015-03-16 15:42:10,211  INFO [main] org.hibernate.dialect.Dialect:145 - HHH000400: Using dialect: org.hibernate.dialect.MySQLDialect
2015-03-16 15:42:10,255  INFO [main] org.hibernate.engine.transaction.internal.TransactionFactoryInitiator:62 - HHH000399: Using default transaction strategy (direct JDBC transactions)
2015-03-16 15:42:10,260  INFO [main] org.hibernate.hql.internal.ast.ASTQueryTranslatorFactory:47 - HHH000397: Using ASTQueryTranslatorFactory
2015-03-16 15:42:10,493  INFO [main] org.hibernate.cache.spi.UpdateTimestampsCache:72 - HHH000250: Starting update timestamps cache at region: org.hibernate.cache.spi.UpdateTimestampsCache
2015-03-16 15:42:10,498  INFO [main] org.hibernate.cache.internal.StandardQueryCache:90 - HHH000248: Starting query cache at region: org.hibernate.cache.internal.StandardQueryCache
2015-03-16 15:42:10,531  INFO [main] org.hibernate.validator.internal.util.Version:27 - HV000001: Hibernate Validator 5.0.3.Final
2015-03-16 15:42:10,683  INFO [main] org.springframework.orm.hibernate4.HibernateTransactionManager:342 - Using DataSource [org.apache.commons.dbcp.BasicDataSource@10a9e6ef] of Hibernate SessionFactory for HibernateTransactionManager
2015-03-16 15:42:10,713  INFO [main] org.springframework.beans.factory.config.PropertiesFactoryBean:172 - Loading properties file from class path resource [application.properties]
2015-03-16 15:42:10,724  INFO [main] org.springframework.web.context.ContextLoader:325 - Root WebApplicationContext: initialization completed in 1514 ms
2015-03-16 15:42:10,814  INFO [main] org.springframework.web.servlet.DispatcherServlet:484 - FrameworkServlet 'mvc-dispatcher': initialization started
2015-03-16 15:42:10,817  INFO [main] org.springframework.web.context.support.XmlWebApplicationContext:510 - Refreshing WebApplicationContext for namespace 'mvc-dispatcher-servlet': startup date [Mon Mar 16 15:42:10 CST 2015]; parent: Root WebApplicationContext
2015-03-16 15:42:10,818  INFO [main] org.springframework.beans.factory.xml.XmlBeanDefinitionReader:317 - Loading XML bean definitions from class path resource [spring-mvc.xml]
2015-03-16 15:42:10,955  INFO [main] org.springframework.beans.factory.annotation.AutowiredAnnotationBeanPostProcessor:153 - JSR-330 'javax.inject.Inject' annotation found and supported for autowiring
2015-03-16 15:42:11,009  INFO [main] org.springframework.scheduling.concurrent.ThreadPoolTaskExecutor:165 - Initializing ExecutorService 
2015-03-16 15:42:11,388  INFO [main] org.springframework.web.servlet.mvc.method.annotation.RequestMappingHandlerAdapter:523 - Looking for @ControllerAdvice: WebApplicationContext for namespace 'mvc-dispatcher-servlet': startup date [Mon Mar 16 15:42:10 CST 2015]; parent: Root WebApplicationContext
2015-03-16 15:42:11,439  INFO [main] org.springframework.web.servlet.mvc.method.annotation.RequestMappingHandlerAdapter:523 - Looking for @ControllerAdvice: WebApplicationContext for namespace 'mvc-dispatcher-servlet': startup date [Mon Mar 16 15:42:10 CST 2015]; parent: Root WebApplicationContext
2015-03-16 15:42:11,634  INFO [main] org.springframework.web.servlet.DispatcherServlet:503 - FrameworkServlet 'mvc-dispatcher': initialization completed in 820 ms
2015-03-16 15:42:12,057  INFO [net.sf.ehcache.CacheManager@1ad9b267] net.sf.ehcache.util.UpdateChecker:98 - New update(s) found: 2.4.7 [http://www.terracotta.org/confluence/display/release/Release+Notes+Ehcache+Core+2.4]. Please check http://ehcache.org for the latest version.
2015-03-16 15:42:26,958  WARN [qtp745084087-19] org.springframework.web.servlet.PageNotFound:1120 - No mapping found for HTTP request with URI [/xin/] in DispatcherServlet with name 'mvc-dispatcher'
2015-03-16 15:42:31,994  WARN [qtp745084087-20] org.springframework.web.servlet.PageNotFound:1120 - No mapping found for HTTP request with URI [/xin/index] in DispatcherServlet with name 'mvc-dispatcher'
2015-03-16 15:44:06,196  WARN [qtp745084087-20] org.springframework.web.servlet.PageNotFound:1120 - No mapping found for HTTP request with URI [/xin/] in DispatcherServlet with name 'mvc-dispatcher'
2015-03-16 15:46:04,747  INFO [main] org.springframework.web.context.ContextLoader:285 - Root WebApplicationContext: initialization started
2015-03-16 15:46:04,827  INFO [main] org.springframework.web.context.support.XmlWebApplicationContext:510 - Refreshing Root WebApplicationContext: startup date [Mon Mar 16 15:46:04 CST 2015]; root of context hierarchy
2015-03-16 15:46:04,865  INFO [main] org.springframework.beans.factory.xml.XmlBeanDefinitionReader:317 - Loading XML bean definitions from URL [file:/C:/Users/zhouxin/workspace/xin/target/classes/spring-config.xml]
2015-03-16 15:46:05,117  INFO [main] org.springframework.beans.factory.config.PropertyPlaceholderConfigurer:172 - Loading properties file from class path resource [application.properties]
2015-03-16 15:46:05,123  INFO [main] org.springframework.beans.factory.annotation.AutowiredAnnotationBeanPostProcessor:153 - JSR-330 'javax.inject.Inject' annotation found and supported for autowiring
2015-03-16 15:46:05,453  INFO [main] org.hibernate.annotations.common.Version:66 - HCANN000001: Hibernate Commons Annotations {4.0.5.Final}
2015-03-16 15:46:05,459  INFO [main] org.hibernate.Version:54 - HHH000412: Hibernate Core {4.3.7.Final}
2015-03-16 15:46:05,461  INFO [main] org.hibernate.cfg.Environment:239 - HHH000206: hibernate.properties not found
2015-03-16 15:46:05,463  INFO [main] org.hibernate.cfg.Environment:346 - HHH000021: Bytecode provider name : javassist
2015-03-16 15:46:05,761  INFO [main] org.hibernate.dialect.Dialect:145 - HHH000400: Using dialect: org.hibernate.dialect.MySQLDialect
2015-03-16 15:46:05,805  INFO [main] org.hibernate.engine.transaction.internal.TransactionFactoryInitiator:62 - HHH000399: Using default transaction strategy (direct JDBC transactions)
2015-03-16 15:46:05,809  INFO [main] org.hibernate.hql.internal.ast.ASTQueryTranslatorFactory:47 - HHH000397: Using ASTQueryTranslatorFactory
2015-03-16 15:46:06,010  INFO [main] org.hibernate.cache.spi.UpdateTimestampsCache:72 - HHH000250: Starting update timestamps cache at region: org.hibernate.cache.spi.UpdateTimestampsCache
2015-03-16 15:46:06,014  INFO [main] org.hibernate.cache.internal.StandardQueryCache:90 - HHH000248: Starting query cache at region: org.hibernate.cache.internal.StandardQueryCache
2015-03-16 15:46:06,044  INFO [main] org.hibernate.validator.internal.util.Version:27 - HV000001: Hibernate Validator 5.0.3.Final
2015-03-16 15:46:06,193  INFO [main] org.springframework.orm.hibernate4.HibernateTransactionManager:342 - Using DataSource [org.apache.commons.dbcp.BasicDataSource@1e5dac21] of Hibernate SessionFactory for HibernateTransactionManager
2015-03-16 15:46:06,229  INFO [main] org.springframework.beans.factory.config.PropertiesFactoryBean:172 - Loading properties file from class path resource [application.properties]
2015-03-16 15:46:06,252  INFO [main] org.springframework.web.context.ContextLoader:325 - Root WebApplicationContext: initialization completed in 1501 ms
2015-03-16 15:46:06,359  INFO [main] org.springframework.web.servlet.DispatcherServlet:484 - FrameworkServlet 'mvc-dispatcher': initialization started
2015-03-16 15:46:06,363  INFO [main] org.springframework.web.context.support.XmlWebApplicationContext:510 - Refreshing WebApplicationContext for namespace 'mvc-dispatcher-servlet': startup date [Mon Mar 16 15:46:06 CST 2015]; parent: Root WebApplicationContext
2015-03-16 15:46:06,364  INFO [main] org.springframework.beans.factory.xml.XmlBeanDefinitionReader:317 - Loading XML bean definitions from class path resource [spring-mvc.xml]
2015-03-16 15:46:06,500  INFO [main] org.springframework.beans.factory.annotation.AutowiredAnnotationBeanPostProcessor:153 - JSR-330 'javax.inject.Inject' annotation found and supported for autowiring
2015-03-16 15:46:06,537  INFO [main] org.springframework.scheduling.concurrent.ThreadPoolTaskExecutor:165 - Initializing ExecutorService 
2015-03-16 15:46:06,870  INFO [main] org.springframework.web.servlet.mvc.method.annotation.RequestMappingHandlerAdapter:523 - Looking for @ControllerAdvice: WebApplicationContext for namespace 'mvc-dispatcher-servlet': startup date [Mon Mar 16 15:46:06 CST 2015]; parent: Root WebApplicationContext
2015-03-16 15:46:06,924  INFO [main] org.springframework.web.servlet.mvc.method.annotation.RequestMappingHandlerAdapter:523 - Looking for @ControllerAdvice: WebApplicationContext for namespace 'mvc-dispatcher-servlet': startup date [Mon Mar 16 15:46:06 CST 2015]; parent: Root WebApplicationContext
2015-03-16 15:46:07,121  INFO [main] org.springframework.web.servlet.DispatcherServlet:503 - FrameworkServlet 'mvc-dispatcher': initialization completed in 761 ms
2015-03-16 15:46:07,969  INFO [net.sf.ehcache.CacheManager@1eac7eae] net.sf.ehcache.util.UpdateChecker:98 - New update(s) found: 2.4.7 [http://www.terracotta.org/confluence/display/release/Release+Notes+Ehcache+Core+2.4]. Please check http://ehcache.org for the latest version.
2015-03-16 15:46:14,400  WARN [qtp1976620810-19] org.springframework.web.servlet.PageNotFound:1120 - No mapping found for HTTP request with URI [/xin/] in DispatcherServlet with name 'mvc-dispatcher'
2015-03-16 15:46:19,388  WARN [qtp1976620810-19] org.springframework.web.servlet.PageNotFound:1120 - No mapping found for HTTP request with URI [/xin/] in DispatcherServlet with name 'mvc-dispatcher'
2015-03-16 15:48:09,727  INFO [main] org.springframework.web.context.ContextLoader:285 - Root WebApplicationContext: initialization started
2015-03-16 15:48:09,826  INFO [main] org.springframework.web.context.support.XmlWebApplicationContext:510 - Refreshing Root WebApplicationContext: startup date [Mon Mar 16 15:48:09 CST 2015]; root of context hierarchy
2015-03-16 15:48:09,873  INFO [main] org.springframework.beans.factory.xml.XmlBeanDefinitionReader:317 - Loading XML bean definitions from URL [file:/C:/Users/zhouxin/workspace/xin/target/classes/spring-config.xml]
2015-03-16 15:48:10,159  INFO [main] org.springframework.beans.factory.config.PropertyPlaceholderConfigurer:172 - Loading properties file from class path resource [application.properties]
2015-03-16 15:48:10,163  INFO [main] org.springframework.beans.factory.annotation.AutowiredAnnotationBeanPostProcessor:153 - JSR-330 'javax.inject.Inject' annotation found and supported for autowiring
2015-03-16 15:48:10,497  INFO [main] org.hibernate.annotations.common.Version:66 - HCANN000001: Hibernate Commons Annotations {4.0.5.Final}
2015-03-16 15:48:10,505  INFO [main] org.hibernate.Version:54 - HHH000412: Hibernate Core {4.3.7.Final}
2015-03-16 15:48:10,507  INFO [main] org.hibernate.cfg.Environment:239 - HHH000206: hibernate.properties not found
2015-03-16 15:48:10,509  INFO [main] org.hibernate.cfg.Environment:346 - HHH000021: Bytecode provider name : javassist
2015-03-16 15:48:10,812  INFO [main] org.hibernate.dialect.Dialect:145 - HHH000400: Using dialect: org.hibernate.dialect.MySQLDialect
2015-03-16 15:48:10,855  INFO [main] org.hibernate.engine.transaction.internal.TransactionFactoryInitiator:62 - HHH000399: Using default transaction strategy (direct JDBC transactions)
2015-03-16 15:48:10,859  INFO [main] org.hibernate.hql.internal.ast.ASTQueryTranslatorFactory:47 - HHH000397: Using ASTQueryTranslatorFactory
2015-03-16 15:48:11,060  INFO [main] org.hibernate.cache.spi.UpdateTimestampsCache:72 - HHH000250: Starting update timestamps cache at region: org.hibernate.cache.spi.UpdateTimestampsCache
2015-03-16 15:48:11,066  INFO [main] org.hibernate.cache.internal.StandardQueryCache:90 - HHH000248: Starting query cache at region: org.hibernate.cache.internal.StandardQueryCache
2015-03-16 15:48:11,100  INFO [main] org.hibernate.validator.internal.util.Version:27 - HV000001: Hibernate Validator 5.0.3.Final
2015-03-16 15:48:11,257  INFO [main] org.springframework.orm.hibernate4.HibernateTransactionManager:342 - Using DataSource [org.apache.commons.dbcp.BasicDataSource@2fc2a57f] of Hibernate SessionFactory for HibernateTransactionManager
2015-03-16 15:48:11,300  INFO [main] org.springframework.beans.factory.config.PropertiesFactoryBean:172 - Loading properties file from class path resource [application.properties]
2015-03-16 15:48:11,307  INFO [main] org.springframework.web.context.ContextLoader:325 - Root WebApplicationContext: initialization completed in 1576 ms
2015-03-16 15:48:11,395  INFO [main] org.springframework.web.servlet.DispatcherServlet:484 - FrameworkServlet 'mvc-dispatcher': initialization started
2015-03-16 15:48:11,398  INFO [main] org.springframework.web.context.support.XmlWebApplicationContext:510 - Refreshing WebApplicationContext for namespace 'mvc-dispatcher-servlet': startup date [Mon Mar 16 15:48:11 CST 2015]; parent: Root WebApplicationContext
2015-03-16 15:48:11,399  INFO [main] org.springframework.beans.factory.xml.XmlBeanDefinitionReader:317 - Loading XML bean definitions from class path resource [spring-mvc.xml]
2015-03-16 15:48:11,577  INFO [main] org.springframework.beans.factory.annotation.AutowiredAnnotationBeanPostProcessor:153 - JSR-330 'javax.inject.Inject' annotation found and supported for autowiring
2015-03-16 15:48:11,625  WARN [main] org.springframework.web.context.support.XmlWebApplicationContext:487 - Exception encountered during context initialization - cancelling refresh attempt
org.springframework.beans.factory.BeanCreationException: Error creating bean with name 'userController': Injection of autowired dependencies failed; nested exception is org.springframework.beans.factory.BeanCreationException: Could not autowire field: public com.xin.service.UserService com.xin.web.controller.UserController.userService; nested exception is org.springframework.beans.factory.NoSuchBeanDefinitionException: No qualifying bean of type [com.xin.service.UserService] found for dependency: expected at least 1 bean which qualifies as autowire candidate for this dependency. Dependency annotations: {@org.springframework.beans.factory.annotation.Autowired(required=true)}
	at org.springframework.beans.factory.annotation.AutowiredAnnotationBeanPostProcessor.postProcessPropertyValues(AutowiredAnnotationBeanPostProcessor.java:334) ~[spring-beans-4.1.1.RELEASE.jar:4.1.1.RELEASE]
	at org.springframework.beans.factory.support.AbstractAutowireCapableBeanFactory.populateBean(AbstractAutowireCapableBeanFactory.java:1204) ~[spring-beans-4.1.1.RELEASE.jar:4.1.1.RELEASE]
	at org.springframework.beans.factory.support.AbstractAutowireCapableBeanFactory.doCreateBean(AbstractAutowireCapableBeanFactory.java:538) ~[spring-beans-4.1.1.RELEASE.jar:4.1.1.RELEASE]
	at org.springframework.beans.factory.support.AbstractAutowireCapableBeanFactory.createBean(AbstractAutowireCapableBeanFactory.java:476) ~[spring-beans-4.1.1.RELEASE.jar:4.1.1.RELEASE]
	at org.springframework.beans.factory.support.AbstractBeanFactory$1.getObject(AbstractBeanFactory.java:302) ~[spring-beans-4.1.1.RELEASE.jar:4.1.1.RELEASE]
	at org.springframework.beans.factory.support.DefaultSingletonBeanRegistry.getSingleton(DefaultSingletonBeanRegistry.java:229) ~[spring-beans-4.1.1.RELEASE.jar:4.1.1.RELEASE]
	at org.springframework.beans.factory.support.AbstractBeanFactory.doGetBean(AbstractBeanFactory.java:298) ~[spring-beans-4.1.1.RELEASE.jar:4.1.1.RELEASE]
	at org.springframework.beans.factory.support.AbstractBeanFactory.getBean(AbstractBeanFactory.java:193) ~[spring-beans-4.1.1.RELEASE.jar:4.1.1.RELEASE]
	at org.springframework.beans.factory.support.DefaultListableBeanFactory.preInstantiateSingletons(DefaultListableBeanFactory.java:725) ~[spring-beans-4.1.1.RELEASE.jar:4.1.1.RELEASE]
	at org.springframework.context.support.AbstractApplicationContext.finishBeanFactoryInitialization(AbstractApplicationContext.java:757) ~[spring-context-4.1.1.RELEASE.jar:4.1.1.RELEASE]
	at org.springframework.context.support.AbstractApplicationContext.refresh(AbstractApplicationContext.java:480) ~[spring-context-4.1.1.RELEASE.jar:4.1.1.RELEASE]
	at org.springframework.web.servlet.FrameworkServlet.configureAndRefreshWebApplicationContext(FrameworkServlet.java:663) [spring-webmvc-4.1.1.RELEASE.jar:4.1.1.RELEASE]
	at org.springframework.web.servlet.FrameworkServlet.createWebApplicationContext(FrameworkServlet.java:629) [spring-webmvc-4.1.1.RELEASE.jar:4.1.1.RELEASE]
	at org.springframework.web.servlet.FrameworkServlet.createWebApplicationContext(FrameworkServlet.java:677) [spring-webmvc-4.1.1.RELEASE.jar:4.1.1.RELEASE]
	at org.springframework.web.servlet.FrameworkServlet.initWebApplicationContext(FrameworkServlet.java:548) [spring-webmvc-4.1.1.RELEASE.jar:4.1.1.RELEASE]
	at org.springframework.web.servlet.FrameworkServlet.initServletBean(FrameworkServlet.java:489) [spring-webmvc-4.1.1.RELEASE.jar:4.1.1.RELEASE]
	at org.springframework.web.servlet.HttpServletBean.init(HttpServletBean.java:136) [spring-webmvc-4.1.1.RELEASE.jar:4.1.1.RELEASE]
	at javax.servlet.GenericServlet.init(GenericServlet.java:244) [javax.servlet-3.0.0.v201112011016.jar:na]
	at org.eclipse.jetty.servlet.ServletHolder.initServlet(ServletHolder.java:542) [jetty-servlet-9.0.4.v20130625.jar:9.0.4.v20130625]
	at org.eclipse.jetty.servlet.ServletHolder.initialize(ServletHolder.java:351) [jetty-servlet-9.0.4.v20130625.jar:9.0.4.v20130625]
	at org.eclipse.jetty.servlet.ServletHandler.initialize(ServletHandler.java:800) [jetty-servlet-9.0.4.v20130625.jar:9.0.4.v20130625]
	at org.eclipse.jetty.servlet.ServletContextHandler.startContext(ServletContextHandler.java:288) [jetty-servlet-9.0.4.v20130625.jar:9.0.4.v20130625]
	at org.eclipse.jetty.webapp.WebAppContext.startContext(WebAppContext.java:1322) [jetty-webapp-9.0.4.v20130625.jar:9.0.4.v20130625]
	at org.eclipse.jetty.server.handler.ContextHandler.doStart(ContextHandler.java:731) [jetty-server-9.0.4.v20130625.jar:9.0.4.v20130625]
	at org.eclipse.jetty.webapp.WebAppContext.doStart(WebAppContext.java:490) [jetty-webapp-9.0.4.v20130625.jar:9.0.4.v20130625]
	at org.eclipse.jetty.maven.plugin.JettyWebAppContext.doStart(JettyWebAppContext.java:280) [jetty-maven-plugin-9.0.4.v20130625.jar:9.0.4.v20130625]
	at org.eclipse.jetty.util.component.AbstractLifeCycle.start(AbstractLifeCycle.java:69) [jetty-util-9.0.4.v20130625.jar:9.0.4.v20130625]
	at org.eclipse.jetty.util.component.ContainerLifeCycle.start(ContainerLifeCycle.java:108) [jetty-util-9.0.4.v20130625.jar:9.0.4.v20130625]
	at org.eclipse.jetty.util.component.ContainerLifeCycle.doStart(ContainerLifeCycle.java:90) [jetty-util-9.0.4.v20130625.jar:9.0.4.v20130625]
	at org.eclipse.jetty.server.handler.AbstractHandler.doStart(AbstractHandler.java:58) [jetty-server-9.0.4.v20130625.jar:9.0.4.v20130625]
	at org.eclipse.jetty.server.handler.ContextHandlerCollection.doStart(ContextHandlerCollection.java:175) [jetty-server-9.0.4.v20130625.jar:9.0.4.v20130625]
	at org.eclipse.jetty.util.component.AbstractLifeCycle.start(AbstractLifeCycle.java:69) [jetty-util-9.0.4.v20130625.jar:9.0.4.v20130625]
	at org.eclipse.jetty.util.component.ContainerLifeCycle.start(ContainerLifeCycle.java:108) [jetty-util-9.0.4.v20130625.jar:9.0.4.v20130625]
	at org.eclipse.jetty.util.component.ContainerLifeCycle.doStart(ContainerLifeCycle.java:90) [jetty-util-9.0.4.v20130625.jar:9.0.4.v20130625]
	at org.eclipse.jetty.server.handler.AbstractHandler.doStart(AbstractHandler.java:58) [jetty-server-9.0.4.v20130625.jar:9.0.4.v20130625]
	at org.eclipse.jetty.util.component.AbstractLifeCycle.start(AbstractLifeCycle.java:69) [jetty-util-9.0.4.v20130625.jar:9.0.4.v20130625]
	at org.eclipse.jetty.util.component.ContainerLifeCycle.start(ContainerLifeCycle.java:108) [jetty-util-9.0.4.v20130625.jar:9.0.4.v20130625]
	at org.eclipse.jetty.server.Server.start(Server.java:342) [jetty-server-9.0.4.v20130625.jar:9.0.4.v20130625]
	at org.eclipse.jetty.util.component.ContainerLifeCycle.doStart(ContainerLifeCycle.java:90) [jetty-util-9.0.4.v20130625.jar:9.0.4.v20130625]
	at org.eclipse.jetty.server.handler.AbstractHandler.doStart(AbstractHandler.java:58) [jetty-server-9.0.4.v20130625.jar:9.0.4.v20130625]
	at org.eclipse.jetty.server.Server.doStart(Server.java:290) [jetty-server-9.0.4.v20130625.jar:9.0.4.v20130625]
	at org.eclipse.jetty.maven.plugin.JettyServer.doStart(JettyServer.java:68) [jetty-maven-plugin-9.0.4.v20130625.jar:9.0.4.v20130625]
	at org.eclipse.jetty.util.component.AbstractLifeCycle.start(AbstractLifeCycle.java:69) [jetty-util-9.0.4.v20130625.jar:9.0.4.v20130625]
	at org.eclipse.jetty.maven.plugin.AbstractJettyMojo.startJetty(AbstractJettyMojo.java:556) [jetty-maven-plugin-9.0.4.v20130625.jar:9.0.4.v20130625]
	at org.eclipse.jetty.maven.plugin.AbstractJettyMojo.execute(AbstractJettyMojo.java:352) [jetty-maven-plugin-9.0.4.v20130625.jar:9.0.4.v20130625]
	at org.eclipse.jetty.maven.plugin.JettyRunMojo.execute(JettyRunMojo.java:167) [jetty-maven-plugin-9.0.4.v20130625.jar:9.0.4.v20130625]
	at org.apache.maven.plugin.DefaultBuildPluginManager.executeMojo(DefaultBuildPluginManager.java:133) [maven-core-3.2.1.jar:3.2.1]
	at org.apache.maven.lifecycle.internal.MojoExecutor.execute(MojoExecutor.java:208) [maven-core-3.2.1.jar:3.2.1]
	at org.apache.maven.lifecycle.internal.MojoExecutor.execute(MojoExecutor.java:153) [maven-core-3.2.1.jar:3.2.1]
	at org.apache.maven.lifecycle.internal.MojoExecutor.execute(MojoExecutor.java:145) [maven-core-3.2.1.jar:3.2.1]
	at org.apache.maven.lifecycle.internal.LifecycleModuleBuilder.buildProject(LifecycleModuleBuilder.java:108) [maven-core-3.2.1.jar:3.2.1]
	at org.apache.maven.lifecycle.internal.LifecycleModuleBuilder.buildProject(LifecycleModuleBuilder.java:76) [maven-core-3.2.1.jar:3.2.1]
	at org.apache.maven.lifecycle.internal.builder.singlethreaded.SingleThreadedBuilder.build(SingleThreadedBuilder.java:51) [maven-core-3.2.1.jar:3.2.1]
	at org.apache.maven.lifecycle.internal.LifecycleStarter.execute(LifecycleStarter.java:116) [maven-core-3.2.1.jar:3.2.1]
	at org.apache.maven.DefaultMaven.doExecute(DefaultMaven.java:361) [maven-core-3.2.1.jar:3.2.1]
	at org.apache.maven.DefaultMaven.execute(DefaultMaven.java:155) [maven-core-3.2.1.jar:3.2.1]
	at org.apache.maven.cli.MavenCli.execute(MavenCli.java:584) [maven-embedder-3.2.1.jar:3.2.1]
	at org.apache.maven.cli.MavenCli.doMain(MavenCli.java:213) [maven-embedder-3.2.1.jar:3.2.1]
	at org.apache.maven.cli.MavenCli.main(MavenCli.java:157) [maven-embedder-3.2.1.jar:3.2.1]
	at sun.reflect.NativeMethodAccessorImpl.invoke0(Native Method) ~[na:1.7.0_67]
	at sun.reflect.NativeMethodAccessorImpl.invoke(NativeMethodAccessorImpl.java:57) ~[na:1.7.0_67]
	at sun.reflect.DelegatingMethodAccessorImpl.invoke(DelegatingMethodAccessorImpl.java:43) ~[na:1.7.0_67]
	at java.lang.reflect.Method.invoke(Method.java:606) ~[na:1.7.0_67]
	at org.codehaus.plexus.classworlds.launcher.Launcher.launchEnhanced(Launcher.java:289) [plexus-classworlds-2.5.1.jar:na]
	at org.codehaus.plexus.classworlds.launcher.Launcher.launch(Launcher.java:229) [plexus-classworlds-2.5.1.jar:na]
	at org.codehaus.plexus.classworlds.launcher.Launcher.mainWithExitCode(Launcher.java:415) [plexus-classworlds-2.5.1.jar:na]
	at org.codehaus.plexus.classworlds.launcher.Launcher.main(Launcher.java:356) [plexus-classworlds-2.5.1.jar:na]
Caused by: org.springframework.beans.factory.BeanCreationException: Could not autowire field: public com.xin.service.UserService com.xin.web.controller.UserController.userService; nested exception is org.springframework.beans.factory.NoSuchBeanDefinitionException: No qualifying bean of type [com.xin.service.UserService] found for dependency: expected at least 1 bean which qualifies as autowire candidate for this dependency. Dependency annotations: {@org.springframework.beans.factory.annotation.Autowired(required=true)}
	at org.springframework.beans.factory.annotation.AutowiredAnnotationBeanPostProcessor$AutowiredFieldElement.inject(AutowiredAnnotationBeanPostProcessor.java:555) ~[spring-beans-4.1.1.RELEASE.jar:4.1.1.RELEASE]
	at org.springframework.beans.factory.annotation.InjectionMetadata.inject(InjectionMetadata.java:87) ~[spring-beans-4.1.1.RELEASE.jar:4.1.1.RELEASE]
	at org.springframework.beans.factory.annotation.AutowiredAnnotationBeanPostProcessor.postProcessPropertyValues(AutowiredAnnotationBeanPostProcessor.java:331) ~[spring-beans-4.1.1.RELEASE.jar:4.1.1.RELEASE]
	... 66 common frames omitted
Caused by: org.springframework.beans.factory.NoSuchBeanDefinitionException: No qualifying bean of type [com.xin.service.UserService] found for dependency: expected at least 1 bean which qualifies as autowire candidate for this dependency. Dependency annotations: {@org.springframework.beans.factory.annotation.Autowired(required=true)}
	at org.springframework.beans.factory.support.DefaultListableBeanFactory.raiseNoSuchBeanDefinitionException(DefaultListableBeanFactory.java:1261) ~[spring-beans-4.1.1.RELEASE.jar:4.1.1.RELEASE]
	at org.springframework.beans.factory.support.DefaultListableBeanFactory.doResolveDependency(DefaultListableBeanFactory.java:1009) ~[spring-beans-4.1.1.RELEASE.jar:4.1.1.RELEASE]
	at org.springframework.beans.factory.support.DefaultListableBeanFactory.resolveDependency(DefaultListableBeanFactory.java:904) ~[spring-beans-4.1.1.RELEASE.jar:4.1.1.RELEASE]
	at org.springframework.beans.factory.annotation.AutowiredAnnotationBeanPostProcessor$AutowiredFieldElement.inject(AutowiredAnnotationBeanPostProcessor.java:527) ~[spring-beans-4.1.1.RELEASE.jar:4.1.1.RELEASE]
	... 68 common frames omitted
2015-03-16 15:48:11,635 ERROR [main] org.springframework.web.servlet.DispatcherServlet:497 - Context initialization failed
org.springframework.beans.factory.BeanCreationException: Error creating bean with name 'userController': Injection of autowired dependencies failed; nested exception is org.springframework.beans.factory.BeanCreationException: Could not autowire field: public com.xin.service.UserService com.xin.web.controller.UserController.userService; nested exception is org.springframework.beans.factory.NoSuchBeanDefinitionException: No qualifying bean of type [com.xin.service.UserService] found for dependency: expected at least 1 bean which qualifies as autowire candidate for this dependency. Dependency annotations: {@org.springframework.beans.factory.annotation.Autowired(required=true)}
	at org.springframework.beans.factory.annotation.AutowiredAnnotationBeanPostProcessor.postProcessPropertyValues(AutowiredAnnotationBeanPostProcessor.java:334) ~[spring-beans-4.1.1.RELEASE.jar:4.1.1.RELEASE]
	at org.springframework.beans.factory.support.AbstractAutowireCapableBeanFactory.populateBean(AbstractAutowireCapableBeanFactory.java:1204) ~[spring-beans-4.1.1.RELEASE.jar:4.1.1.RELEASE]
	at org.springframework.beans.factory.support.AbstractAutowireCapableBeanFactory.doCreateBean(AbstractAutowireCapableBeanFactory.java:538) ~[spring-beans-4.1.1.RELEASE.jar:4.1.1.RELEASE]
	at org.springframework.beans.factory.support.AbstractAutowireCapableBeanFactory.createBean(AbstractAutowireCapableBeanFactory.java:476) ~[spring-beans-4.1.1.RELEASE.jar:4.1.1.RELEASE]
	at org.springframework.beans.factory.support.AbstractBeanFactory$1.getObject(AbstractBeanFactory.java:302) ~[spring-beans-4.1.1.RELEASE.jar:4.1.1.RELEASE]
	at org.springframework.beans.factory.support.DefaultSingletonBeanRegistry.getSingleton(DefaultSingletonBeanRegistry.java:229) ~[spring-beans-4.1.1.RELEASE.jar:4.1.1.RELEASE]
	at org.springframework.beans.factory.support.AbstractBeanFactory.doGetBean(AbstractBeanFactory.java:298) ~[spring-beans-4.1.1.RELEASE.jar:4.1.1.RELEASE]
	at org.springframework.beans.factory.support.AbstractBeanFactory.getBean(AbstractBeanFactory.java:193) ~[spring-beans-4.1.1.RELEASE.jar:4.1.1.RELEASE]
	at org.springframework.beans.factory.support.DefaultListableBeanFactory.preInstantiateSingletons(DefaultListableBeanFactory.java:725) ~[spring-beans-4.1.1.RELEASE.jar:4.1.1.RELEASE]
	at org.springframework.context.support.AbstractApplicationContext.finishBeanFactoryInitialization(AbstractApplicationContext.java:757) ~[spring-context-4.1.1.RELEASE.jar:4.1.1.RELEASE]
	at org.springframework.context.support.AbstractApplicationContext.refresh(AbstractApplicationContext.java:480) ~[spring-context-4.1.1.RELEASE.jar:4.1.1.RELEASE]
	at org.springframework.web.servlet.FrameworkServlet.configureAndRefreshWebApplicationContext(FrameworkServlet.java:663) ~[spring-webmvc-4.1.1.RELEASE.jar:4.1.1.RELEASE]
	at org.springframework.web.servlet.FrameworkServlet.createWebApplicationContext(FrameworkServlet.java:629) ~[spring-webmvc-4.1.1.RELEASE.jar:4.1.1.RELEASE]
	at org.springframework.web.servlet.FrameworkServlet.createWebApplicationContext(FrameworkServlet.java:677) ~[spring-webmvc-4.1.1.RELEASE.jar:4.1.1.RELEASE]
	at org.springframework.web.servlet.FrameworkServlet.initWebApplicationContext(FrameworkServlet.java:548) ~[spring-webmvc-4.1.1.RELEASE.jar:4.1.1.RELEASE]
	at org.springframework.web.servlet.FrameworkServlet.initServletBean(FrameworkServlet.java:489) ~[spring-webmvc-4.1.1.RELEASE.jar:4.1.1.RELEASE]
	at org.springframework.web.servlet.HttpServletBean.init(HttpServletBean.java:136) [spring-webmvc-4.1.1.RELEASE.jar:4.1.1.RELEASE]
	at javax.servlet.GenericServlet.init(GenericServlet.java:244) [javax.servlet-3.0.0.v201112011016.jar:na]
	at org.eclipse.jetty.servlet.ServletHolder.initServlet(ServletHolder.java:542) [jetty-servlet-9.0.4.v20130625.jar:9.0.4.v20130625]
	at org.eclipse.jetty.servlet.ServletHolder.initialize(ServletHolder.java:351) [jetty-servlet-9.0.4.v20130625.jar:9.0.4.v20130625]
	at org.eclipse.jetty.servlet.ServletHandler.initialize(ServletHandler.java:800) [jetty-servlet-9.0.4.v20130625.jar:9.0.4.v20130625]
	at org.eclipse.jetty.servlet.ServletContextHandler.startContext(ServletContextHandler.java:288) [jetty-servlet-9.0.4.v20130625.jar:9.0.4.v20130625]
	at org.eclipse.jetty.webapp.WebAppContext.startContext(WebAppContext.java:1322) [jetty-webapp-9.0.4.v20130625.jar:9.0.4.v20130625]
	at org.eclipse.jetty.server.handler.ContextHandler.doStart(ContextHandler.java:731) [jetty-server-9.0.4.v20130625.jar:9.0.4.v20130625]
	at org.eclipse.jetty.webapp.WebAppContext.doStart(WebAppContext.java:490) [jetty-webapp-9.0.4.v20130625.jar:9.0.4.v20130625]
	at org.eclipse.jetty.maven.plugin.JettyWebAppContext.doStart(JettyWebAppContext.java:280) [jetty-maven-plugin-9.0.4.v20130625.jar:9.0.4.v20130625]
	at org.eclipse.jetty.util.component.AbstractLifeCycle.start(AbstractLifeCycle.java:69) [jetty-util-9.0.4.v20130625.jar:9.0.4.v20130625]
	at org.eclipse.jetty.util.component.ContainerLifeCycle.start(ContainerLifeCycle.java:108) [jetty-util-9.0.4.v20130625.jar:9.0.4.v20130625]
	at org.eclipse.jetty.util.component.ContainerLifeCycle.doStart(ContainerLifeCycle.java:90) [jetty-util-9.0.4.v20130625.jar:9.0.4.v20130625]
	at org.eclipse.jetty.server.handler.AbstractHandler.doStart(AbstractHandler.java:58) [jetty-server-9.0.4.v20130625.jar:9.0.4.v20130625]
	at org.eclipse.jetty.server.handler.ContextHandlerCollection.doStart(ContextHandlerCollection.java:175) [jetty-server-9.0.4.v20130625.jar:9.0.4.v20130625]
	at org.eclipse.jetty.util.component.AbstractLifeCycle.start(AbstractLifeCycle.java:69) [jetty-util-9.0.4.v20130625.jar:9.0.4.v20130625]
	at org.eclipse.jetty.util.component.ContainerLifeCycle.start(ContainerLifeCycle.java:108) [jetty-util-9.0.4.v20130625.jar:9.0.4.v20130625]
	at org.eclipse.jetty.util.component.ContainerLifeCycle.doStart(ContainerLifeCycle.java:90) [jetty-util-9.0.4.v20130625.jar:9.0.4.v20130625]
	at org.eclipse.jetty.server.handler.AbstractHandler.doStart(AbstractHandler.java:58) [jetty-server-9.0.4.v20130625.jar:9.0.4.v20130625]
	at org.eclipse.jetty.util.component.AbstractLifeCycle.start(AbstractLifeCycle.java:69) [jetty-util-9.0.4.v20130625.jar:9.0.4.v20130625]
	at org.eclipse.jetty.util.component.ContainerLifeCycle.start(ContainerLifeCycle.java:108) [jetty-util-9.0.4.v20130625.jar:9.0.4.v20130625]
	at org.eclipse.jetty.server.Server.start(Server.java:342) [jetty-server-9.0.4.v20130625.jar:9.0.4.v20130625]
	at org.eclipse.jetty.util.component.ContainerLifeCycle.doStart(ContainerLifeCycle.java:90) [jetty-util-9.0.4.v20130625.jar:9.0.4.v20130625]
	at org.eclipse.jetty.server.handler.AbstractHandler.doStart(AbstractHandler.java:58) [jetty-server-9.0.4.v20130625.jar:9.0.4.v20130625]
	at org.eclipse.jetty.server.Server.doStart(Server.java:290) [jetty-server-9.0.4.v20130625.jar:9.0.4.v20130625]
	at org.eclipse.jetty.maven.plugin.JettyServer.doStart(JettyServer.java:68) [jetty-maven-plugin-9.0.4.v20130625.jar:9.0.4.v20130625]
	at org.eclipse.jetty.util.component.AbstractLifeCycle.start(AbstractLifeCycle.java:69) [jetty-util-9.0.4.v20130625.jar:9.0.4.v20130625]
	at org.eclipse.jetty.maven.plugin.AbstractJettyMojo.startJetty(AbstractJettyMojo.java:556) [jetty-maven-plugin-9.0.4.v20130625.jar:9.0.4.v20130625]
	at org.eclipse.jetty.maven.plugin.AbstractJettyMojo.execute(AbstractJettyMojo.java:352) [jetty-maven-plugin-9.0.4.v20130625.jar:9.0.4.v20130625]
	at org.eclipse.jetty.maven.plugin.JettyRunMojo.execute(JettyRunMojo.java:167) [jetty-maven-plugin-9.0.4.v20130625.jar:9.0.4.v20130625]
	at org.apache.maven.plugin.DefaultBuildPluginManager.executeMojo(DefaultBuildPluginManager.java:133) [maven-core-3.2.1.jar:3.2.1]
	at org.apache.maven.lifecycle.internal.MojoExecutor.execute(MojoExecutor.java:208) [maven-core-3.2.1.jar:3.2.1]
	at org.apache.maven.lifecycle.internal.MojoExecutor.execute(MojoExecutor.java:153) [maven-core-3.2.1.jar:3.2.1]
	at org.apache.maven.lifecycle.internal.MojoExecutor.execute(MojoExecutor.java:145) [maven-core-3.2.1.jar:3.2.1]
	at org.apache.maven.lifecycle.internal.LifecycleModuleBuilder.buildProject(LifecycleModuleBuilder.java:108) [maven-core-3.2.1.jar:3.2.1]
	at org.apache.maven.lifecycle.internal.LifecycleModuleBuilder.buildProject(LifecycleModuleBuilder.java:76) [maven-core-3.2.1.jar:3.2.1]
	at org.apache.maven.lifecycle.internal.builder.singlethreaded.SingleThreadedBuilder.build(SingleThreadedBuilder.java:51) [maven-core-3.2.1.jar:3.2.1]
	at org.apache.maven.lifecycle.internal.LifecycleStarter.execute(LifecycleStarter.java:116) [maven-core-3.2.1.jar:3.2.1]
	at org.apache.maven.DefaultMaven.doExecute(DefaultMaven.java:361) [maven-core-3.2.1.jar:3.2.1]
	at org.apache.maven.DefaultMaven.execute(DefaultMaven.java:155) [maven-core-3.2.1.jar:3.2.1]
	at org.apache.maven.cli.MavenCli.execute(MavenCli.java:584) [maven-embedder-3.2.1.jar:3.2.1]
	at org.apache.maven.cli.MavenCli.doMain(MavenCli.java:213) [maven-embedder-3.2.1.jar:3.2.1]
	at org.apache.maven.cli.MavenCli.main(MavenCli.java:157) [maven-embedder-3.2.1.jar:3.2.1]
	at sun.reflect.NativeMethodAccessorImpl.invoke0(Native Method) ~[na:1.7.0_67]
	at sun.reflect.NativeMethodAccessorImpl.invoke(NativeMethodAccessorImpl.java:57) ~[na:1.7.0_67]
	at sun.reflect.DelegatingMethodAccessorImpl.invoke(DelegatingMethodAccessorImpl.java:43) ~[na:1.7.0_67]
	at java.lang.reflect.Method.invoke(Method.java:606) ~[na:1.7.0_67]
	at org.codehaus.plexus.classworlds.launcher.Launcher.launchEnhanced(Launcher.java:289) [plexus-classworlds-2.5.1.jar:na]
	at org.codehaus.plexus.classworlds.launcher.Launcher.launch(Launcher.java:229) [plexus-classworlds-2.5.1.jar:na]
	at org.codehaus.plexus.classworlds.launcher.Launcher.mainWithExitCode(Launcher.java:415) [plexus-classworlds-2.5.1.jar:na]
	at org.codehaus.plexus.classworlds.launcher.Launcher.main(Launcher.java:356) [plexus-classworlds-2.5.1.jar:na]
Caused by: org.springframework.beans.factory.BeanCreationException: Could not autowire field: public com.xin.service.UserService com.xin.web.controller.UserController.userService; nested exception is org.springframework.beans.factory.NoSuchBeanDefinitionException: No qualifying bean of type [com.xin.service.UserService] found for dependency: expected at least 1 bean which qualifies as autowire candidate for this dependency. Dependency annotations: {@org.springframework.beans.factory.annotation.Autowired(required=true)}
	at org.springframework.beans.factory.annotation.AutowiredAnnotationBeanPostProcessor$AutowiredFieldElement.inject(AutowiredAnnotationBeanPostProcessor.java:555) ~[spring-beans-4.1.1.RELEASE.jar:4.1.1.RELEASE]
	at org.springframework.beans.factory.annotation.InjectionMetadata.inject(InjectionMetadata.java:87) ~[spring-beans-4.1.1.RELEASE.jar:4.1.1.RELEASE]
	at org.springframework.beans.factory.annotation.AutowiredAnnotationBeanPostProcessor.postProcessPropertyValues(AutowiredAnnotationBeanPostProcessor.java:331) ~[spring-beans-4.1.1.RELEASE.jar:4.1.1.RELEASE]
	... 66 common frames omitted
Caused by: org.springframework.beans.factory.NoSuchBeanDefinitionException: No qualifying bean of type [com.xin.service.UserService] found for dependency: expected at least 1 bean which qualifies as autowire candidate for this dependency. Dependency annotations: {@org.springframework.beans.factory.annotation.Autowired(required=true)}
	at org.springframework.beans.factory.support.DefaultListableBeanFactory.raiseNoSuchBeanDefinitionException(DefaultListableBeanFactory.java:1261) ~[spring-beans-4.1.1.RELEASE.jar:4.1.1.RELEASE]
	at org.springframework.beans.factory.support.DefaultListableBeanFactory.doResolveDependency(DefaultListableBeanFactory.java:1009) ~[spring-beans-4.1.1.RELEASE.jar:4.1.1.RELEASE]
	at org.springframework.beans.factory.support.DefaultListableBeanFactory.resolveDependency(DefaultListableBeanFactory.java:904) ~[spring-beans-4.1.1.RELEASE.jar:4.1.1.RELEASE]
	at org.springframework.beans.factory.annotation.AutowiredAnnotationBeanPostProcessor$AutowiredFieldElement.inject(AutowiredAnnotationBeanPostProcessor.java:527) ~[spring-beans-4.1.1.RELEASE.jar:4.1.1.RELEASE]
	... 68 common frames omitted
2015-03-16 15:48:17,283  INFO [net.sf.ehcache.CacheManager@6088fa00] net.sf.ehcache.util.UpdateChecker:98 - New update(s) found: 2.4.7 [http://www.terracotta.org/confluence/display/release/Release+Notes+Ehcache+Core+2.4]. Please check http://ehcache.org for the latest version.
2015-03-16 15:54:22,073  INFO [main] org.springframework.web.context.ContextLoader:285 - Root WebApplicationContext: initialization started
2015-03-16 15:54:22,207  INFO [main] org.springframework.web.context.support.XmlWebApplicationContext:510 - Refreshing Root WebApplicationContext: startup date [Mon Mar 16 15:54:22 CST 2015]; root of context hierarchy
2015-03-16 15:54:22,258  INFO [main] org.springframework.beans.factory.xml.XmlBeanDefinitionReader:317 - Loading XML bean definitions from URL [file:/C:/Users/zhouxin/workspace/xin/target/classes/spring-config.xml]
2015-03-16 15:54:22,713  INFO [main] org.springframework.beans.factory.config.PropertyPlaceholderConfigurer:172 - Loading properties file from class path resource [application.properties]
2015-03-16 15:54:22,720  INFO [main] org.springframework.beans.factory.annotation.AutowiredAnnotationBeanPostProcessor:153 - JSR-330 'javax.inject.Inject' annotation found and supported for autowiring
2015-03-16 15:54:23,181  INFO [main] org.hibernate.annotations.common.Version:66 - HCANN000001: Hibernate Commons Annotations {4.0.5.Final}
2015-03-16 15:54:23,191  INFO [main] org.hibernate.Version:54 - HHH000412: Hibernate Core {4.3.7.Final}
2015-03-16 15:54:23,195  INFO [main] org.hibernate.cfg.Environment:239 - HHH000206: hibernate.properties not found
2015-03-16 15:54:23,197  INFO [main] org.hibernate.cfg.Environment:346 - HHH000021: Bytecode provider name : javassist
2015-03-16 15:54:23,683  INFO [main] org.hibernate.dialect.Dialect:145 - HHH000400: Using dialect: org.hibernate.dialect.MySQLDialect
2015-03-16 15:54:23,751  INFO [main] org.hibernate.engine.transaction.internal.TransactionFactoryInitiator:62 - HHH000399: Using default transaction strategy (direct JDBC transactions)
2015-03-16 15:54:23,759  INFO [main] org.hibernate.hql.internal.ast.ASTQueryTranslatorFactory:47 - HHH000397: Using ASTQueryTranslatorFactory
2015-03-16 15:54:24,052  INFO [main] org.hibernate.cache.spi.UpdateTimestampsCache:72 - HHH000250: Starting update timestamps cache at region: org.hibernate.cache.spi.UpdateTimestampsCache
2015-03-16 15:54:24,058  INFO [main] org.hibernate.cache.internal.StandardQueryCache:90 - HHH000248: Starting query cache at region: org.hibernate.cache.internal.StandardQueryCache
2015-03-16 15:54:24,100  INFO [main] org.hibernate.validator.internal.util.Version:27 - HV000001: Hibernate Validator 5.0.3.Final
2015-03-16 15:54:24,428  INFO [main] org.springframework.orm.hibernate4.HibernateTransactionManager:342 - Using DataSource [org.apache.commons.dbcp.BasicDataSource@57602a79] of Hibernate SessionFactory for HibernateTransactionManager
2015-03-16 15:54:24,472  INFO [main] org.springframework.beans.factory.config.PropertiesFactoryBean:172 - Loading properties file from class path resource [application.properties]
2015-03-16 15:54:24,482  INFO [main] org.springframework.web.context.ContextLoader:325 - Root WebApplicationContext: initialization completed in 2399 ms
2015-03-16 15:54:24,630  INFO [main] org.springframework.web.servlet.DispatcherServlet:484 - FrameworkServlet 'mvc-dispatcher': initialization started
2015-03-16 15:54:24,634  INFO [main] org.springframework.web.context.support.XmlWebApplicationContext:510 - Refreshing WebApplicationContext for namespace 'mvc-dispatcher-servlet': startup date [Mon Mar 16 15:54:24 CST 2015]; parent: Root WebApplicationContext
2015-03-16 15:54:24,637  INFO [main] org.springframework.beans.factory.xml.XmlBeanDefinitionReader:317 - Loading XML bean definitions from class path resource [spring-mvc.xml]
2015-03-16 15:54:24,845  INFO [main] org.springframework.beans.factory.annotation.AutowiredAnnotationBeanPostProcessor:153 - JSR-330 'javax.inject.Inject' annotation found and supported for autowiring
2015-03-16 15:54:24,937  INFO [main] org.springframework.scheduling.concurrent.ThreadPoolTaskExecutor:165 - Initializing ExecutorService 
2015-03-16 15:54:25,082  INFO [main] org.springframework.web.servlet.mvc.method.annotation.RequestMappingHandlerMapping:220 - Mapped "{[/home/index],methods=[GET],params=[],headers=[],consumes=[],produces=[],custom=[]}" onto public org.springframework.web.servlet.ModelAndView com.xin.web.controller.UserController.index()
2015-03-16 15:54:25,445  INFO [main] org.springframework.web.servlet.mvc.method.annotation.RequestMappingHandlerAdapter:523 - Looking for @ControllerAdvice: WebApplicationContext for namespace 'mvc-dispatcher-servlet': startup date [Mon Mar 16 15:54:24 CST 2015]; parent: Root WebApplicationContext
2015-03-16 15:54:25,529  INFO [main] org.springframework.web.servlet.mvc.method.annotation.RequestMappingHandlerAdapter:523 - Looking for @ControllerAdvice: WebApplicationContext for namespace 'mvc-dispatcher-servlet': startup date [Mon Mar 16 15:54:24 CST 2015]; parent: Root WebApplicationContext
2015-03-16 15:54:25,827  INFO [net.sf.ehcache.CacheManager@53c30e9c] net.sf.ehcache.util.UpdateChecker:98 - New update(s) found: 2.4.7 [http://www.terracotta.org/confluence/display/release/Release+Notes+Ehcache+Core+2.4]. Please check http://ehcache.org for the latest version.
2015-03-16 15:54:25,848  INFO [main] org.springframework.web.servlet.DispatcherServlet:503 - FrameworkServlet 'mvc-dispatcher': initialization completed in 1217 ms
2015-03-16 15:54:41,184  WARN [qtp912437405-19] org.springframework.web.servlet.PageNotFound:1120 - No mapping found for HTTP request with URI [/xin/] in DispatcherServlet with name 'mvc-dispatcher'
2015-03-16 15:56:21,783  INFO [main] org.springframework.web.context.ContextLoader:285 - Root WebApplicationContext: initialization started
2015-03-16 15:56:21,853  INFO [main] org.springframework.web.context.support.XmlWebApplicationContext:510 - Refreshing Root WebApplicationContext: startup date [Mon Mar 16 15:56:21 CST 2015]; root of context hierarchy
2015-03-16 15:56:21,882  INFO [main] org.springframework.beans.factory.xml.XmlBeanDefinitionReader:317 - Loading XML bean definitions from URL [file:/C:/Users/zhouxin/workspace/xin/target/classes/spring-config.xml]
2015-03-16 15:56:22,184  INFO [main] org.springframework.beans.factory.config.PropertyPlaceholderConfigurer:172 - Loading properties file from class path resource [application.properties]
2015-03-16 15:56:22,188  INFO [main] org.springframework.beans.factory.annotation.AutowiredAnnotationBeanPostProcessor:153 - JSR-330 'javax.inject.Inject' annotation found and supported for autowiring
2015-03-16 15:56:22,507  INFO [main] org.hibernate.annotations.common.Version:66 - HCANN000001: Hibernate Commons Annotations {4.0.5.Final}
2015-03-16 15:56:22,513  INFO [main] org.hibernate.Version:54 - HHH000412: Hibernate Core {4.3.7.Final}
2015-03-16 15:56:22,516  INFO [main] org.hibernate.cfg.Environment:239 - HHH000206: hibernate.properties not found
2015-03-16 15:56:22,517  INFO [main] org.hibernate.cfg.Environment:346 - HHH000021: Bytecode provider name : javassist
2015-03-16 15:56:22,834  INFO [main] org.hibernate.dialect.Dialect:145 - HHH000400: Using dialect: org.hibernate.dialect.MySQLDialect
2015-03-16 15:56:22,880  INFO [main] org.hibernate.engine.transaction.internal.TransactionFactoryInitiator:62 - HHH000399: Using default transaction strategy (direct JDBC transactions)
2015-03-16 15:56:22,885  INFO [main] org.hibernate.hql.internal.ast.ASTQueryTranslatorFactory:47 - HHH000397: Using ASTQueryTranslatorFactory
2015-03-16 15:56:23,094  INFO [main] org.hibernate.cache.spi.UpdateTimestampsCache:72 - HHH000250: Starting update timestamps cache at region: org.hibernate.cache.spi.UpdateTimestampsCache
2015-03-16 15:56:23,099  INFO [main] org.hibernate.cache.internal.StandardQueryCache:90 - HHH000248: Starting query cache at region: org.hibernate.cache.internal.StandardQueryCache
2015-03-16 15:56:23,130  INFO [main] org.hibernate.validator.internal.util.Version:27 - HV000001: Hibernate Validator 5.0.3.Final
2015-03-16 15:56:23,307  INFO [main] org.springframework.orm.hibernate4.HibernateTransactionManager:342 - Using DataSource [org.apache.commons.dbcp.BasicDataSource@262dcb91] of Hibernate SessionFactory for HibernateTransactionManager
2015-03-16 15:56:23,339  INFO [main] org.springframework.beans.factory.config.PropertiesFactoryBean:172 - Loading properties file from class path resource [application.properties]
2015-03-16 15:56:23,349  INFO [main] org.springframework.web.context.ContextLoader:325 - Root WebApplicationContext: initialization completed in 1563 ms
2015-03-16 15:56:23,439  INFO [main] org.springframework.web.servlet.DispatcherServlet:484 - FrameworkServlet 'mvc-dispatcher': initialization started
2015-03-16 15:56:23,442  INFO [main] org.springframework.web.context.support.XmlWebApplicationContext:510 - Refreshing WebApplicationContext for namespace 'mvc-dispatcher-servlet': startup date [Mon Mar 16 15:56:23 CST 2015]; parent: Root WebApplicationContext
2015-03-16 15:56:23,443  INFO [main] org.springframework.beans.factory.xml.XmlBeanDefinitionReader:317 - Loading XML bean definitions from class path resource [spring-mvc.xml]
2015-03-16 15:56:23,589  INFO [main] org.springframework.beans.factory.annotation.AutowiredAnnotationBeanPostProcessor:153 - JSR-330 'javax.inject.Inject' annotation found and supported for autowiring
2015-03-16 15:56:23,671  INFO [main] org.springframework.scheduling.concurrent.ThreadPoolTaskExecutor:165 - Initializing ExecutorService 
2015-03-16 15:56:23,762  INFO [main] org.springframework.web.servlet.mvc.method.annotation.RequestMappingHandlerMapping:220 - Mapped "{[/home/index],methods=[GET],params=[],headers=[],consumes=[],produces=[],custom=[]}" onto public org.springframework.web.servlet.ModelAndView com.xin.web.controller.UserController.index()
2015-03-16 15:56:24,019  INFO [main] org.springframework.web.servlet.mvc.method.annotation.RequestMappingHandlerAdapter:523 - Looking for @ControllerAdvice: WebApplicationContext for namespace 'mvc-dispatcher-servlet': startup date [Mon Mar 16 15:56:23 CST 2015]; parent: Root WebApplicationContext
2015-03-16 15:56:24,078  INFO [main] org.springframework.web.servlet.mvc.method.annotation.RequestMappingHandlerAdapter:523 - Looking for @ControllerAdvice: WebApplicationContext for namespace 'mvc-dispatcher-servlet': startup date [Mon Mar 16 15:56:23 CST 2015]; parent: Root WebApplicationContext
2015-03-16 15:56:24,265  INFO [main] org.springframework.web.servlet.DispatcherServlet:503 - FrameworkServlet 'mvc-dispatcher': initialization completed in 826 ms
2015-03-16 15:56:24,937  INFO [net.sf.ehcache.CacheManager@7fd6918] net.sf.ehcache.util.UpdateChecker:98 - New update(s) found: 2.4.7 [http://www.terracotta.org/confluence/display/release/Release+Notes+Ehcache+Core+2.4]. Please check http://ehcache.org for the latest version.
2015-03-16 15:58:59,835  INFO [main] org.springframework.web.context.ContextLoader:285 - Root WebApplicationContext: initialization started
2015-03-16 15:58:59,900  INFO [main] org.springframework.web.context.support.XmlWebApplicationContext:510 - Refreshing Root WebApplicationContext: startup date [Mon Mar 16 15:58:59 CST 2015]; root of context hierarchy
2015-03-16 15:58:59,927  INFO [main] org.springframework.beans.factory.xml.XmlBeanDefinitionReader:317 - Loading XML bean definitions from URL [file:/C:/Users/zhouxin/workspace/xin/target/classes/spring-config.xml]
2015-03-16 15:59:00,250  INFO [main] org.springframework.beans.factory.config.PropertyPlaceholderConfigurer:172 - Loading properties file from class path resource [application.properties]
2015-03-16 15:59:00,254  INFO [main] org.springframework.beans.factory.annotation.AutowiredAnnotationBeanPostProcessor:153 - JSR-330 'javax.inject.Inject' annotation found and supported for autowiring
2015-03-16 15:59:00,576  INFO [main] org.hibernate.annotations.common.Version:66 - HCANN000001: Hibernate Commons Annotations {4.0.5.Final}
2015-03-16 15:59:00,583  INFO [main] org.hibernate.Version:54 - HHH000412: Hibernate Core {4.3.7.Final}
2015-03-16 15:59:00,585  INFO [main] org.hibernate.cfg.Environment:239 - HHH000206: hibernate.properties not found
2015-03-16 15:59:00,587  INFO [main] org.hibernate.cfg.Environment:346 - HHH000021: Bytecode provider name : javassist
2015-03-16 15:59:00,891  INFO [main] org.hibernate.dialect.Dialect:145 - HHH000400: Using dialect: org.hibernate.dialect.MySQLDialect
2015-03-16 15:59:00,933  INFO [main] org.hibernate.engine.transaction.internal.TransactionFactoryInitiator:62 - HHH000399: Using default transaction strategy (direct JDBC transactions)
2015-03-16 15:59:00,937  INFO [main] org.hibernate.hql.internal.ast.ASTQueryTranslatorFactory:47 - HHH000397: Using ASTQueryTranslatorFactory
2015-03-16 15:59:01,138  INFO [main] org.hibernate.cache.spi.UpdateTimestampsCache:72 - HHH000250: Starting update timestamps cache at region: org.hibernate.cache.spi.UpdateTimestampsCache
2015-03-16 15:59:01,143  INFO [main] org.hibernate.cache.internal.StandardQueryCache:90 - HHH000248: Starting query cache at region: org.hibernate.cache.internal.StandardQueryCache
2015-03-16 15:59:01,182  INFO [main] org.hibernate.validator.internal.util.Version:27 - HV000001: Hibernate Validator 5.0.3.Final
2015-03-16 15:59:01,364  INFO [main] org.springframework.orm.hibernate4.HibernateTransactionManager:342 - Using DataSource [org.apache.commons.dbcp.BasicDataSource@500446c6] of Hibernate SessionFactory for HibernateTransactionManager
2015-03-16 15:59:01,397  INFO [main] org.springframework.beans.factory.config.PropertiesFactoryBean:172 - Loading properties file from class path resource [application.properties]
2015-03-16 15:59:01,406  INFO [main] org.springframework.web.context.ContextLoader:325 - Root WebApplicationContext: initialization completed in 1566 ms
2015-03-16 15:59:01,500  INFO [main] org.springframework.web.servlet.DispatcherServlet:484 - FrameworkServlet 'mvc-dispatcher': initialization started
2015-03-16 15:59:01,504  INFO [main] org.springframework.web.context.support.XmlWebApplicationContext:510 - Refreshing WebApplicationContext for namespace 'mvc-dispatcher-servlet': startup date [Mon Mar 16 15:59:01 CST 2015]; parent: Root WebApplicationContext
2015-03-16 15:59:01,505  INFO [main] org.springframework.beans.factory.xml.XmlBeanDefinitionReader:317 - Loading XML bean definitions from class path resource [spring-mvc.xml]
2015-03-16 15:59:01,647  INFO [main] org.springframework.beans.factory.annotation.AutowiredAnnotationBeanPostProcessor:153 - JSR-330 'javax.inject.Inject' annotation found and supported for autowiring
2015-03-16 15:59:01,729  INFO [main] org.springframework.scheduling.concurrent.ThreadPoolTaskExecutor:165 - Initializing ExecutorService 
2015-03-16 15:59:01,831  INFO [main] org.springframework.web.servlet.mvc.method.annotation.RequestMappingHandlerMapping:220 - Mapped "{[/home/index],methods=[GET],params=[],headers=[],consumes=[],produces=[],custom=[]}" onto public org.springframework.web.servlet.ModelAndView com.xin.web.controller.UserController.index()
2015-03-16 15:59:02,082  INFO [main] org.springframework.web.servlet.mvc.method.annotation.RequestMappingHandlerAdapter:523 - Looking for @ControllerAdvice: WebApplicationContext for namespace 'mvc-dispatcher-servlet': startup date [Mon Mar 16 15:59:01 CST 2015]; parent: Root WebApplicationContext
2015-03-16 15:59:02,143  INFO [main] org.springframework.web.servlet.mvc.method.annotation.RequestMappingHandlerAdapter:523 - Looking for @ControllerAdvice: WebApplicationContext for namespace 'mvc-dispatcher-servlet': startup date [Mon Mar 16 15:59:01 CST 2015]; parent: Root WebApplicationContext
2015-03-16 15:59:02,368  INFO [main] org.springframework.web.servlet.DispatcherServlet:503 - FrameworkServlet 'mvc-dispatcher': initialization completed in 867 ms
2015-03-16 15:59:03,160  INFO [net.sf.ehcache.CacheManager@3a9f61ad] net.sf.ehcache.util.UpdateChecker:98 - New update(s) found: 2.4.7 [http://www.terracotta.org/confluence/display/release/Release+Notes+Ehcache+Core+2.4]. Please check http://ehcache.org for the latest version.
2015-03-16 15:59:10,870  WARN [qtp935289429-19] org.springframework.web.servlet.PageNotFound:1120 - No mapping found for HTTP request with URI [/xin/home/index] in DispatcherServlet with name 'mvc-dispatcher'
2015-03-16 15:59:22,440  WARN [qtp935289429-20] org.springframework.web.servlet.PageNotFound:1120 - No mapping found for HTTP request with URI [/xin/] in DispatcherServlet with name 'mvc-dispatcher'
2015-03-16 15:59:46,081  WARN [qtp935289429-19] org.springframework.web.servlet.PageNotFound:1120 - No mapping found for HTTP request with URI [/xin/home/index] in DispatcherServlet with name 'mvc-dispatcher'
2015-03-16 15:59:48,043  WARN [qtp935289429-20] org.springframework.web.servlet.PageNotFound:1120 - No mapping found for HTTP request with URI [/xin/home/index] in DispatcherServlet with name 'mvc-dispatcher'
2015-03-16 16:14:14,910  INFO [main] org.springframework.web.context.ContextLoader:285 - Root WebApplicationContext: initialization started
2015-03-16 16:14:14,983  INFO [main] org.springframework.web.context.support.XmlWebApplicationContext:510 - Refreshing Root WebApplicationContext: startup date [Mon Mar 16 16:14:14 CST 2015]; root of context hierarchy
2015-03-16 16:14:15,014  INFO [main] org.springframework.beans.factory.xml.XmlBeanDefinitionReader:317 - Loading XML bean definitions from URL [file:/C:/Users/zhouxin/workspace/xin/target/classes/spring-config.xml]
2015-03-16 16:14:15,298  INFO [main] org.springframework.beans.factory.config.PropertyPlaceholderConfigurer:172 - Loading properties file from class path resource [application.properties]
2015-03-16 16:14:15,302  INFO [main] org.springframework.beans.factory.annotation.AutowiredAnnotationBeanPostProcessor:153 - JSR-330 'javax.inject.Inject' annotation found and supported for autowiring
2015-03-16 16:14:15,622  INFO [main] org.hibernate.annotations.common.Version:66 - HCANN000001: Hibernate Commons Annotations {4.0.5.Final}
2015-03-16 16:14:15,629  INFO [main] org.hibernate.Version:54 - HHH000412: Hibernate Core {4.3.7.Final}
2015-03-16 16:14:15,631  INFO [main] org.hibernate.cfg.Environment:239 - HHH000206: hibernate.properties not found
2015-03-16 16:14:15,633  INFO [main] org.hibernate.cfg.Environment:346 - HHH000021: Bytecode provider name : javassist
2015-03-16 16:14:15,953  INFO [main] org.hibernate.dialect.Dialect:145 - HHH000400: Using dialect: org.hibernate.dialect.MySQLDialect
2015-03-16 16:14:16,009  INFO [main] org.hibernate.engine.transaction.internal.TransactionFactoryInitiator:62 - HHH000399: Using default transaction strategy (direct JDBC transactions)
2015-03-16 16:14:16,014  INFO [main] org.hibernate.hql.internal.ast.ASTQueryTranslatorFactory:47 - HHH000397: Using ASTQueryTranslatorFactory
2015-03-16 16:14:16,226  INFO [main] org.hibernate.cache.spi.UpdateTimestampsCache:72 - HHH000250: Starting update timestamps cache at region: org.hibernate.cache.spi.UpdateTimestampsCache
2015-03-16 16:14:16,231  INFO [main] org.hibernate.cache.internal.StandardQueryCache:90 - HHH000248: Starting query cache at region: org.hibernate.cache.internal.StandardQueryCache
2015-03-16 16:14:16,261  INFO [main] org.hibernate.validator.internal.util.Version:27 - HV000001: Hibernate Validator 5.0.3.Final
2015-03-16 16:14:16,451  INFO [main] org.springframework.orm.hibernate4.HibernateTransactionManager:342 - Using DataSource [org.apache.commons.dbcp.BasicDataSource@7e5533c0] of Hibernate SessionFactory for HibernateTransactionManager
2015-03-16 16:14:16,482  INFO [main] org.springframework.beans.factory.config.PropertiesFactoryBean:172 - Loading properties file from class path resource [application.properties]
2015-03-16 16:14:16,488  INFO [main] org.springframework.web.context.ContextLoader:325 - Root WebApplicationContext: initialization completed in 1573 ms
2015-03-16 16:14:16,582  INFO [main] org.springframework.web.servlet.DispatcherServlet:484 - FrameworkServlet 'mvc-dispatcher': initialization started
2015-03-16 16:14:16,585  INFO [main] org.springframework.web.context.support.XmlWebApplicationContext:510 - Refreshing WebApplicationContext for namespace 'mvc-dispatcher-servlet': startup date [Mon Mar 16 16:14:16 CST 2015]; parent: Root WebApplicationContext
2015-03-16 16:14:16,586  INFO [main] org.springframework.beans.factory.xml.XmlBeanDefinitionReader:317 - Loading XML bean definitions from class path resource [spring-mvc.xml]
2015-03-16 16:14:16,734  INFO [main] org.springframework.beans.factory.annotation.AutowiredAnnotationBeanPostProcessor:153 - JSR-330 'javax.inject.Inject' annotation found and supported for autowiring
2015-03-16 16:14:16,820  INFO [main] org.springframework.scheduling.concurrent.ThreadPoolTaskExecutor:165 - Initializing ExecutorService 
2015-03-16 16:14:16,910  INFO [main] org.springframework.web.servlet.mvc.method.annotation.RequestMappingHandlerMapping:220 - Mapped "{[/home/index],methods=[GET],params=[],headers=[],consumes=[],produces=[],custom=[]}" onto public org.springframework.web.servlet.ModelAndView com.xin.web.controller.UserController.index()
2015-03-16 16:14:17,198  INFO [main] org.springframework.web.servlet.mvc.method.annotation.RequestMappingHandlerAdapter:523 - Looking for @ControllerAdvice: WebApplicationContext for namespace 'mvc-dispatcher-servlet': startup date [Mon Mar 16 16:14:16 CST 2015]; parent: Root WebApplicationContext
2015-03-16 16:14:17,251  INFO [main] org.springframework.web.servlet.mvc.method.annotation.RequestMappingHandlerAdapter:523 - Looking for @ControllerAdvice: WebApplicationContext for namespace 'mvc-dispatcher-servlet': startup date [Mon Mar 16 16:14:16 CST 2015]; parent: Root WebApplicationContext
2015-03-16 16:14:17,453  INFO [main] org.springframework.web.servlet.DispatcherServlet:503 - FrameworkServlet 'mvc-dispatcher': initialization completed in 870 ms
2015-03-16 16:23:35,645  INFO [main] org.springframework.web.context.ContextLoader:285 - Root WebApplicationContext: initialization started
2015-03-16 16:23:35,735  INFO [main] org.springframework.web.context.support.XmlWebApplicationContext:510 - Refreshing Root WebApplicationContext: startup date [Mon Mar 16 16:23:35 CST 2015]; root of context hierarchy
2015-03-16 16:23:35,765  INFO [main] org.springframework.beans.factory.xml.XmlBeanDefinitionReader:317 - Loading XML bean definitions from URL [file:/C:/Users/zhouxin/workspace/xin/target/classes/spring-config.xml]
2015-03-16 16:23:36,024  INFO [main] org.springframework.beans.factory.config.PropertyPlaceholderConfigurer:172 - Loading properties file from class path resource [application.properties]
2015-03-16 16:23:36,028  INFO [main] org.springframework.beans.factory.annotation.AutowiredAnnotationBeanPostProcessor:153 - JSR-330 'javax.inject.Inject' annotation found and supported for autowiring
2015-03-16 16:23:36,349  INFO [main] org.hibernate.annotations.common.Version:66 - HCANN000001: Hibernate Commons Annotations {4.0.5.Final}
2015-03-16 16:23:36,356  INFO [main] org.hibernate.Version:54 - HHH000412: Hibernate Core {4.3.7.Final}
2015-03-16 16:23:36,358  INFO [main] org.hibernate.cfg.Environment:239 - HHH000206: hibernate.properties not found
2015-03-16 16:23:36,360  INFO [main] org.hibernate.cfg.Environment:346 - HHH000021: Bytecode provider name : javassist
2015-03-16 16:23:36,675  INFO [main] org.hibernate.dialect.Dialect:145 - HHH000400: Using dialect: org.hibernate.dialect.MySQLDialect
2015-03-16 16:23:36,729  INFO [main] org.hibernate.engine.transaction.internal.TransactionFactoryInitiator:62 - HHH000399: Using default transaction strategy (direct JDBC transactions)
2015-03-16 16:23:36,733  INFO [main] org.hibernate.hql.internal.ast.ASTQueryTranslatorFactory:47 - HHH000397: Using ASTQueryTranslatorFactory
2015-03-16 16:23:36,947  INFO [main] org.hibernate.cache.spi.UpdateTimestampsCache:72 - HHH000250: Starting update timestamps cache at region: org.hibernate.cache.spi.UpdateTimestampsCache
2015-03-16 16:23:36,952  INFO [main] org.hibernate.cache.internal.StandardQueryCache:90 - HHH000248: Starting query cache at region: org.hibernate.cache.internal.StandardQueryCache
2015-03-16 16:23:36,981  INFO [main] org.hibernate.validator.internal.util.Version:27 - HV000001: Hibernate Validator 5.0.3.Final
2015-03-16 16:23:37,147  INFO [main] org.springframework.orm.hibernate4.HibernateTransactionManager:342 - Using DataSource [org.apache.commons.dbcp.BasicDataSource@2303b2ad] of Hibernate SessionFactory for HibernateTransactionManager
2015-03-16 16:23:37,180  INFO [main] org.springframework.beans.factory.config.PropertiesFactoryBean:172 - Loading properties file from class path resource [application.properties]
2015-03-16 16:23:37,190  INFO [main] org.springframework.web.context.ContextLoader:325 - Root WebApplicationContext: initialization completed in 1540 ms
2015-03-16 16:23:37,282  INFO [main] org.springframework.web.servlet.DispatcherServlet:484 - FrameworkServlet 'mvc-dispatcher': initialization started
2015-03-16 16:23:37,285  INFO [main] org.springframework.web.context.support.XmlWebApplicationContext:510 - Refreshing WebApplicationContext for namespace 'mvc-dispatcher-servlet': startup date [Mon Mar 16 16:23:37 CST 2015]; parent: Root WebApplicationContext
2015-03-16 16:23:37,286  INFO [main] org.springframework.beans.factory.xml.XmlBeanDefinitionReader:317 - Loading XML bean definitions from class path resource [spring-mvc.xml]
2015-03-16 16:23:37,430  INFO [main] org.springframework.beans.factory.annotation.AutowiredAnnotationBeanPostProcessor:153 - JSR-330 'javax.inject.Inject' annotation found and supported for autowiring
2015-03-16 16:23:37,520  INFO [main] org.springframework.scheduling.concurrent.ThreadPoolTaskExecutor:165 - Initializing ExecutorService 
2015-03-16 16:23:37,604  INFO [main] org.springframework.web.servlet.mvc.method.annotation.RequestMappingHandlerMapping:220 - Mapped "{[/home/index],methods=[GET],params=[],headers=[],consumes=[],produces=[],custom=[]}" onto public org.springframework.web.servlet.ModelAndView com.xin.web.controller.UserController.index()
2015-03-16 16:23:37,604  INFO [main] org.springframework.web.servlet.mvc.method.annotation.RequestMappingHandlerMapping:220 - Mapped "{[/home/info],methods=[POST],params=[],headers=[],consumes=[],produces=[],custom=[]}" onto public org.springframework.web.servlet.ModelAndView com.xin.web.controller.UserController.displayInfo()
2015-03-16 16:23:37,884  INFO [main] org.springframework.web.servlet.mvc.method.annotation.RequestMappingHandlerAdapter:523 - Looking for @ControllerAdvice: WebApplicationContext for namespace 'mvc-dispatcher-servlet': startup date [Mon Mar 16 16:23:37 CST 2015]; parent: Root WebApplicationContext
2015-03-16 16:23:37,943  INFO [main] org.springframework.web.servlet.mvc.method.annotation.RequestMappingHandlerAdapter:523 - Looking for @ControllerAdvice: WebApplicationContext for namespace 'mvc-dispatcher-servlet': startup date [Mon Mar 16 16:23:37 CST 2015]; parent: Root WebApplicationContext
2015-03-16 16:23:38,132  INFO [main] org.springframework.web.servlet.DispatcherServlet:503 - FrameworkServlet 'mvc-dispatcher': initialization completed in 850 ms
2015-03-16 16:23:38,589  INFO [net.sf.ehcache.CacheManager@29a30c0e] net.sf.ehcache.util.UpdateChecker:98 - New update(s) found: 2.4.7 [http://www.terracotta.org/confluence/display/release/Release+Notes+Ehcache+Core+2.4]. Please check http://ehcache.org for the latest version.
2015-03-16 16:23:54,307  WARN [qtp62346929-20] org.springframework.web.servlet.PageNotFound:198 - Request method 'GET' not supported
2015-03-16 16:24:14,009  WARN [qtp62346929-16] org.springframework.web.servlet.PageNotFound:198 - Request method 'GET' not supported
2015-03-16 16:24:41,430  WARN [qtp62346929-16] ERROR:187 - Handler execution resulted in exception
org.eclipse.jetty.util.Utf8Appendable$NotUtf8Exception: Not valid UTF8! incomplete UTF8 sequence
	at org.eclipse.jetty.util.Utf8Appendable.checkState(Utf8Appendable.java:231) ~[na:na]
	at org.eclipse.jetty.util.Utf8StringBuilder.toString(Utf8StringBuilder.java:73) ~[na:na]
	at org.eclipse.jetty.util.UrlEncoded.decodeUtf8To(UrlEncoded.java:561) ~[na:na]
	at org.eclipse.jetty.util.UrlEncoded.decodeTo(UrlEncoded.java:597) ~[na:na]
	at org.eclipse.jetty.server.Request.extractParameters(Request.java:343) ~[na:na]
	at org.eclipse.jetty.server.Request.getParameter(Request.java:781) ~[na:na]
	at sun.reflect.NativeMethodAccessorImpl.invoke0(Native Method) ~[na:1.7.0_67]
	at sun.reflect.NativeMethodAccessorImpl.invoke(NativeMethodAccessorImpl.java:57) ~[na:1.7.0_67]
	at sun.reflect.DelegatingMethodAccessorImpl.invoke(DelegatingMethodAccessorImpl.java:43) ~[na:1.7.0_67]
	at java.lang.reflect.Method.invoke(Method.java:606) ~[na:1.7.0_67]
	at org.springframework.beans.factory.support.AutowireUtils$ObjectFactoryDelegatingInvocationHandler.invoke(AutowireUtils.java:307) ~[spring-beans-4.1.1.RELEASE.jar:4.1.1.RELEASE]
	at com.sun.proxy.$Proxy31.getParameter(Unknown Source) ~[na:na]
	at com.xin.web.controller.UserController.displayInfo(UserController.java:40) ~[classes/:na]
	at sun.reflect.NativeMethodAccessorImpl.invoke0(Native Method) ~[na:1.7.0_67]
	at sun.reflect.NativeMethodAccessorImpl.invoke(NativeMethodAccessorImpl.java:57) ~[na:1.7.0_67]
	at sun.reflect.DelegatingMethodAccessorImpl.invoke(DelegatingMethodAccessorImpl.java:43) ~[na:1.7.0_67]
	at java.lang.reflect.Method.invoke(Method.java:606) ~[na:1.7.0_67]
	at org.springframework.web.method.support.InvocableHandlerMethod.invoke(InvocableHandlerMethod.java:215) ~[spring-web-4.1.1.RELEASE.jar:4.1.1.RELEASE]
	at org.springframework.web.method.support.InvocableHandlerMethod.invokeForRequest(InvocableHandlerMethod.java:132) ~[spring-web-4.1.1.RELEASE.jar:4.1.1.RELEASE]
	at org.springframework.web.servlet.mvc.method.annotation.ServletInvocableHandlerMethod.invokeAndHandle(ServletInvocableHandlerMethod.java:104) ~[spring-webmvc-4.1.1.RELEASE.jar:4.1.1.RELEASE]
	at org.springframework.web.servlet.mvc.method.annotation.RequestMappingHandlerAdapter.invokeHandleMethod(RequestMappingHandlerAdapter.java:781) ~[spring-webmvc-4.1.1.RELEASE.jar:4.1.1.RELEASE]
	at org.springframework.web.servlet.mvc.method.annotation.RequestMappingHandlerAdapter.handleInternal(RequestMappingHandlerAdapter.java:721) ~[spring-webmvc-4.1.1.RELEASE.jar:4.1.1.RELEASE]
	at org.springframework.web.servlet.mvc.method.AbstractHandlerMethodAdapter.handle(AbstractHandlerMethodAdapter.java:83) ~[spring-webmvc-4.1.1.RELEASE.jar:4.1.1.RELEASE]
	at org.springframework.web.servlet.DispatcherServlet.doDispatch(DispatcherServlet.java:943) [spring-webmvc-4.1.1.RELEASE.jar:4.1.1.RELEASE]
	at org.springframework.web.servlet.DispatcherServlet.doService(DispatcherServlet.java:877) [spring-webmvc-4.1.1.RELEASE.jar:4.1.1.RELEASE]
	at org.springframework.web.servlet.FrameworkServlet.processRequest(FrameworkServlet.java:966) [spring-webmvc-4.1.1.RELEASE.jar:4.1.1.RELEASE]
	at org.springframework.web.servlet.FrameworkServlet.doPost(FrameworkServlet.java:868) [spring-webmvc-4.1.1.RELEASE.jar:4.1.1.RELEASE]
	at javax.servlet.http.HttpServlet.service(HttpServlet.java:755) [javax.servlet-3.0.0.v201112011016.jar:na]
	at org.springframework.web.servlet.FrameworkServlet.service(FrameworkServlet.java:842) [spring-webmvc-4.1.1.RELEASE.jar:4.1.1.RELEASE]
	at javax.servlet.http.HttpServlet.service(HttpServlet.java:848) [javax.servlet-3.0.0.v201112011016.jar:na]
	at org.eclipse.jetty.servlet.ServletHolder.handle(ServletHolder.java:698) [jetty-servlet-9.0.4.v20130625.jar:9.0.4.v20130625]
	at org.eclipse.jetty.servlet.ServletHandler$CachedChain.doFilter(ServletHandler.java:1506) [jetty-servlet-9.0.4.v20130625.jar:9.0.4.v20130625]
	at org.springframework.web.filter.CharacterEncodingFilter.doFilterInternal(CharacterEncodingFilter.java:88) [spring-web-4.1.1.RELEASE.jar:4.1.1.RELEASE]
	at org.springframework.web.filter.OncePerRequestFilter.doFilter(OncePerRequestFilter.java:107) [spring-web-4.1.1.RELEASE.jar:4.1.1.RELEASE]
	at org.eclipse.jetty.servlet.ServletHandler$CachedChain.doFilter(ServletHandler.java:1477) [jetty-servlet-9.0.4.v20130625.jar:9.0.4.v20130625]
	at org.springframework.orm.hibernate4.support.OpenSessionInViewFilter.doFilterInternal(OpenSessionInViewFilter.java:150) [spring-orm-4.1.1.RELEASE.jar:4.1.1.RELEASE]
	at org.springframework.web.filter.OncePerRequestFilter.doFilter(OncePerRequestFilter.java:107) [spring-web-4.1.1.RELEASE.jar:4.1.1.RELEASE]
	at org.eclipse.jetty.servlet.ServletHandler$CachedChain.doFilter(ServletHandler.java:1477) [jetty-servlet-9.0.4.v20130625.jar:9.0.4.v20130625]
	at org.eclipse.jetty.servlet.ServletHandler.doHandle(ServletHandler.java:503) [jetty-servlet-9.0.4.v20130625.jar:9.0.4.v20130625]
	at org.eclipse.jetty.server.handler.ScopedHandler.handle(ScopedHandler.java:138) [jetty-server-9.0.4.v20130625.jar:9.0.4.v20130625]
	at org.eclipse.jetty.security.SecurityHandler.handle(SecurityHandler.java:564) [jetty-security-9.0.4.v20130625.jar:9.0.4.v20130625]
	at org.eclipse.jetty.server.session.SessionHandler.doHandle(SessionHandler.java:213) [jetty-server-9.0.4.v20130625.jar:9.0.4.v20130625]
	at org.eclipse.jetty.server.handler.ContextHandler.doHandle(ContextHandler.java:1094) [jetty-server-9.0.4.v20130625.jar:9.0.4.v20130625]
	at org.eclipse.jetty.servlet.ServletHandler.doScope(ServletHandler.java:432) [jetty-servlet-9.0.4.v20130625.jar:9.0.4.v20130625]
	at org.eclipse.jetty.server.session.SessionHandler.doScope(SessionHandler.java:175) [jetty-server-9.0.4.v20130625.jar:9.0.4.v20130625]
	at org.eclipse.jetty.server.handler.ContextHandler.doScope(ContextHandler.java:1028) [jetty-server-9.0.4.v20130625.jar:9.0.4.v20130625]
	at org.eclipse.jetty.server.handler.ScopedHandler.handle(ScopedHandler.java:136) [jetty-server-9.0.4.v20130625.jar:9.0.4.v20130625]
	at org.eclipse.jetty.server.handler.ContextHandlerCollection.handle(ContextHandlerCollection.java:258) [jetty-server-9.0.4.v20130625.jar:9.0.4.v20130625]
	at org.eclipse.jetty.server.handler.HandlerCollection.handle(HandlerCollection.java:109) [jetty-server-9.0.4.v20130625.jar:9.0.4.v20130625]
	at org.eclipse.jetty.server.handler.HandlerWrapper.handle(HandlerWrapper.java:97) [jetty-server-9.0.4.v20130625.jar:9.0.4.v20130625]
	at org.eclipse.jetty.server.Server.handle(Server.java:445) [jetty-server-9.0.4.v20130625.jar:9.0.4.v20130625]
	at org.eclipse.jetty.server.HttpChannel.handle(HttpChannel.java:267) [jetty-server-9.0.4.v20130625.jar:9.0.4.v20130625]
	at org.eclipse.jetty.server.HttpConnection.onFillable(HttpConnection.java:224) [jetty-server-9.0.4.v20130625.jar:9.0.4.v20130625]
	at org.eclipse.jetty.io.AbstractConnection$ReadCallback.run(AbstractConnection.java:358) [jetty-io-9.0.4.v20130625.jar:9.0.4.v20130625]
	at org.eclipse.jetty.util.thread.QueuedThreadPool.runJob(QueuedThreadPool.java:601) [jetty-util-9.0.4.v20130625.jar:9.0.4.v20130625]
	at org.eclipse.jetty.util.thread.QueuedThreadPool$3.run(QueuedThreadPool.java:532) [jetty-util-9.0.4.v20130625.jar:9.0.4.v20130625]
	at java.lang.Thread.run(Thread.java:745) [na:1.7.0_67]
2015-03-16 16:26:39,466  INFO [main] org.springframework.web.context.ContextLoader:285 - Root WebApplicationContext: initialization started
2015-03-16 16:26:39,550  INFO [main] org.springframework.web.context.support.XmlWebApplicationContext:510 - Refreshing Root WebApplicationContext: startup date [Mon Mar 16 16:26:39 CST 2015]; root of context hierarchy
2015-03-16 16:26:39,605  INFO [main] org.springframework.beans.factory.xml.XmlBeanDefinitionReader:317 - Loading XML bean definitions from URL [file:/C:/Users/zhouxin/workspace/xin/target/classes/spring-config.xml]
2015-03-16 16:26:39,874  INFO [main] org.springframework.beans.factory.config.PropertyPlaceholderConfigurer:172 - Loading properties file from class path resource [application.properties]
2015-03-16 16:26:39,878  INFO [main] org.springframework.beans.factory.annotation.AutowiredAnnotationBeanPostProcessor:153 - JSR-330 'javax.inject.Inject' annotation found and supported for autowiring
2015-03-16 16:26:40,185  INFO [main] org.hibernate.annotations.common.Version:66 - HCANN000001: Hibernate Commons Annotations {4.0.5.Final}
2015-03-16 16:26:40,192  INFO [main] org.hibernate.Version:54 - HHH000412: Hibernate Core {4.3.7.Final}
2015-03-16 16:26:40,195  INFO [main] org.hibernate.cfg.Environment:239 - HHH000206: hibernate.properties not found
2015-03-16 16:26:40,196  INFO [main] org.hibernate.cfg.Environment:346 - HHH000021: Bytecode provider name : javassist
2015-03-16 16:26:40,504  INFO [main] org.hibernate.dialect.Dialect:145 - HHH000400: Using dialect: org.hibernate.dialect.MySQLDialect
2015-03-16 16:26:40,551  INFO [main] org.hibernate.engine.transaction.internal.TransactionFactoryInitiator:62 - HHH000399: Using default transaction strategy (direct JDBC transactions)
2015-03-16 16:26:40,556  INFO [main] org.hibernate.hql.internal.ast.ASTQueryTranslatorFactory:47 - HHH000397: Using ASTQueryTranslatorFactory
2015-03-16 16:26:40,818  INFO [main] org.hibernate.cache.spi.UpdateTimestampsCache:72 - HHH000250: Starting update timestamps cache at region: org.hibernate.cache.spi.UpdateTimestampsCache
2015-03-16 16:26:40,823  INFO [main] org.hibernate.cache.internal.StandardQueryCache:90 - HHH000248: Starting query cache at region: org.hibernate.cache.internal.StandardQueryCache
2015-03-16 16:26:40,854  INFO [main] org.hibernate.validator.internal.util.Version:27 - HV000001: Hibernate Validator 5.0.3.Final
2015-03-16 16:26:41,022  INFO [main] org.springframework.orm.hibernate4.HibernateTransactionManager:342 - Using DataSource [org.apache.commons.dbcp.BasicDataSource@4af66c06] of Hibernate SessionFactory for HibernateTransactionManager
2015-03-16 16:26:41,053  INFO [main] org.springframework.beans.factory.config.PropertiesFactoryBean:172 - Loading properties file from class path resource [application.properties]
2015-03-16 16:26:41,063  INFO [main] org.springframework.web.context.ContextLoader:325 - Root WebApplicationContext: initialization completed in 1593 ms
2015-03-16 16:26:41,152  INFO [main] org.springframework.web.servlet.DispatcherServlet:484 - FrameworkServlet 'mvc-dispatcher': initialization started
2015-03-16 16:26:41,154  INFO [main] org.springframework.web.context.support.XmlWebApplicationContext:510 - Refreshing WebApplicationContext for namespace 'mvc-dispatcher-servlet': startup date [Mon Mar 16 16:26:41 CST 2015]; parent: Root WebApplicationContext
2015-03-16 16:26:41,156  INFO [main] org.springframework.beans.factory.xml.XmlBeanDefinitionReader:317 - Loading XML bean definitions from class path resource [spring-mvc.xml]
2015-03-16 16:26:41,286  INFO [main] org.springframework.beans.factory.annotation.AutowiredAnnotationBeanPostProcessor:153 - JSR-330 'javax.inject.Inject' annotation found and supported for autowiring
2015-03-16 16:26:41,372  INFO [main] org.springframework.scheduling.concurrent.ThreadPoolTaskExecutor:165 - Initializing ExecutorService 
2015-03-16 16:26:41,471  INFO [main] org.springframework.web.servlet.mvc.method.annotation.RequestMappingHandlerMapping:220 - Mapped "{[/home/index],methods=[GET],params=[],headers=[],consumes=[],produces=[],custom=[]}" onto public org.springframework.web.servlet.ModelAndView com.xin.web.controller.UserController.index()
2015-03-16 16:26:41,472  INFO [main] org.springframework.web.servlet.mvc.method.annotation.RequestMappingHandlerMapping:220 - Mapped "{[/home/info],methods=[POST],params=[],headers=[],consumes=[],produces=[],custom=[]}" onto public org.springframework.web.servlet.ModelAndView com.xin.web.controller.UserController.displayInfo()
2015-03-16 16:26:41,726  INFO [main] org.springframework.web.servlet.mvc.method.annotation.RequestMappingHandlerAdapter:523 - Looking for @ControllerAdvice: WebApplicationContext for namespace 'mvc-dispatcher-servlet': startup date [Mon Mar 16 16:26:41 CST 2015]; parent: Root WebApplicationContext
2015-03-16 16:26:41,776  INFO [main] org.springframework.web.servlet.mvc.method.annotation.RequestMappingHandlerAdapter:523 - Looking for @ControllerAdvice: WebApplicationContext for namespace 'mvc-dispatcher-servlet': startup date [Mon Mar 16 16:26:41 CST 2015]; parent: Root WebApplicationContext
2015-03-16 16:26:41,986  INFO [main] org.springframework.web.servlet.DispatcherServlet:503 - FrameworkServlet 'mvc-dispatcher': initialization completed in 834 ms
2015-03-16 16:26:42,825  INFO [net.sf.ehcache.CacheManager@5f8bdda8] net.sf.ehcache.util.UpdateChecker:98 - New update(s) found: 2.4.7 [http://www.terracotta.org/confluence/display/release/Release+Notes+Ehcache+Core+2.4]. Please check http://ehcache.org for the latest version.
